This file contains any messages produced by compilers while
running configure, to aid debugging if configure makes a mistake.

It was created by configure, which was
generated by GNU Autoconf 2.69.  Invocation command line was

  $ ./configure --disable-option-checking --prefix=/home/milad/software/mmfold CFLAGS=-g -O2 -flto CXXFLAGS=-g -O2 -flto LDFLAGS=-flto AR=gcc-ar RANLIB=gcc-ranlib NM=gcc-nm --cache-file=/dev/null --srcdir=.

## --------- ##
## Platform. ##
## --------- ##

hostname = milad-Latitude
uname -m = x86_64
uname -r = 3.13.0-79-generic
uname -s = Linux
uname -v = #123-Ubuntu SMP Fri Feb 19 14:27:58 UTC 2016

/usr/bin/uname -p = unknown
/bin/uname -X     = unknown

/bin/arch              = unknown
/usr/bin/arch -k       = unknown
/usr/convex/getsysinfo = unknown
/usr/bin/hostinfo      = unknown
/bin/machine           = unknown
/usr/bin/oslevel       = unknown
/bin/universe          = unknown

PATH: /home/milad/anaconda2/bin
PATH: /home/milad/software/bin
PATH: /usr/local/sbin
PATH: /usr/local/bin
PATH: /usr/sbin
PATH: /usr/bin
PATH: /sbin
PATH: /bin
PATH: /usr/games
PATH: /usr/local/games


## ----------- ##
## Core tests. ##
## ----------- ##

configure:2211: checking build system type
configure:2225: result: x86_64-unknown-linux-gnu
configure:2245: checking host system type
configure:2258: result: x86_64-unknown-linux-gnu
configure:2362: checking for gcc
configure:2378: found /home/milad/anaconda2/bin/gcc
configure:2389: result: gcc
configure:2618: checking for C compiler version
configure:2627: gcc --version >&5
gcc (GCC) 4.8.5
Copyright (C) 2015 Free Software Foundation, Inc.
This is free software; see the source for copying conditions.  There is NO
warranty; not even for MERCHANTABILITY or FITNESS FOR A PARTICULAR PURPOSE.

configure:2638: $? = 0
configure:2627: gcc -v >&5
Reading specs from /home/milad/anaconda2/lib/gcc/x86_64-unknown-linux-gnu/4.8.5/specs
COLLECT_GCC=gcc
COLLECT_LTO_WRAPPER=/home/milad/anaconda2/gcc/libexec/gcc/x86_64-unknown-linux-gnu/4.8.5/lto-wrapper
Target: x86_64-unknown-linux-gnu
Configured with: ./configure --prefix=/home/milad/anaconda2/gcc --with-gxx-include-dir=/home/milad/anaconda2/gcc/include/c++ --bindir=/home/milad/anaconda2/bin --datarootdir=/home/milad/anaconda2/share --libdir=/home/milad/anaconda2/lib --with-gmp=/home/milad/anaconda2 --with-mpfr=/home/milad/anaconda2 --with-mpc=/home/milad/anaconda2 --with-isl=/home/milad/anaconda2 --with-cloog=/home/milad/anaconda2 --enable-checking=release --with-tune=generic --disable-multilib
Thread model: posix
gcc version 4.8.5 (GCC) 
configure:2638: $? = 0
configure:2627: gcc -V >&5
gcc: error: unrecognized command line option '-V'
gcc: fatal error: no input files
compilation terminated.
configure:2638: $? = 1
configure:2627: gcc -qversion >&5
gcc: error: unrecognized command line option '-qversion'
gcc: fatal error: no input files
compilation terminated.
configure:2638: $? = 1
configure:2658: checking whether the C compiler works
configure:2680: gcc -g -O2 -flto  -flto conftest.c  >&5
configure:2684: $? = 0
configure:2732: result: yes
configure:2735: checking for C compiler default output file name
configure:2737: result: a.out
configure:2743: checking for suffix of executables
configure:2750: gcc -o conftest -g -O2 -flto  -flto conftest.c  >&5
configure:2754: $? = 0
configure:2776: result: 
configure:2798: checking whether we are cross compiling
configure:2806: gcc -o conftest -g -O2 -flto  -flto conftest.c  >&5
configure:2810: $? = 0
configure:2817: ./conftest
configure:2821: $? = 0
configure:2836: result: no
configure:2841: checking for suffix of object files
configure:2863: gcc -c -g -O2 -flto  conftest.c >&5
configure:2867: $? = 0
configure:2888: result: o
configure:2892: checking whether we are using the GNU C compiler
configure:2911: gcc -c -g -O2 -flto  conftest.c >&5
configure:2911: $? = 0
configure:2920: result: yes
configure:2929: checking whether gcc accepts -g
configure:2949: gcc -c -g  conftest.c >&5
configure:2949: $? = 0
configure:2990: result: yes
configure:3007: checking for gcc option to accept ISO C89
configure:3070: gcc  -c -g -O2 -flto  conftest.c >&5
configure:3070: $? = 0
configure:3083: result: none needed
configure:3108: checking how to run the C preprocessor
configure:3139: gcc -E  conftest.c
configure:3139: $? = 0
configure:3153: gcc -E  conftest.c
conftest.c:10:28: fatal error: ac_nonexistent.h: No such file or directory
 #include <ac_nonexistent.h>
                            ^
compilation terminated.
configure:3153: $? = 1
configure: failed program was:
| /* confdefs.h */
| #define PACKAGE_NAME ""
| #define PACKAGE_TARNAME ""
| #define PACKAGE_VERSION ""
| #define PACKAGE_STRING ""
| #define PACKAGE_BUGREPORT ""
| #define PACKAGE_URL ""
| #define LINUX 1
| /* end confdefs.h.  */
| #include <ac_nonexistent.h>
configure:3178: result: gcc -E
configure:3198: gcc -E  conftest.c
configure:3198: $? = 0
configure:3212: gcc -E  conftest.c
conftest.c:10:28: fatal error: ac_nonexistent.h: No such file or directory
 #include <ac_nonexistent.h>
                            ^
compilation terminated.
configure:3212: $? = 1
configure: failed program was:
| /* confdefs.h */
| #define PACKAGE_NAME ""
| #define PACKAGE_TARNAME ""
| #define PACKAGE_VERSION ""
| #define PACKAGE_STRING ""
| #define PACKAGE_BUGREPORT ""
| #define PACKAGE_URL ""
| #define LINUX 1
| /* end confdefs.h.  */
| #include <ac_nonexistent.h>
configure:3298: checking for g++
configure:3314: found /home/milad/anaconda2/bin/g++
configure:3325: result: g++
configure:3352: checking for C++ compiler version
configure:3361: g++ --version >&5
g++ (GCC) 4.8.5
Copyright (C) 2015 Free Software Foundation, Inc.
This is free software; see the source for copying conditions.  There is NO
warranty; not even for MERCHANTABILITY or FITNESS FOR A PARTICULAR PURPOSE.

configure:3372: $? = 0
configure:3361: g++ -v >&5
Reading specs from /home/milad/anaconda2/lib/gcc/x86_64-unknown-linux-gnu/4.8.5/specs
COLLECT_GCC=g++
COLLECT_LTO_WRAPPER=/home/milad/anaconda2/gcc/libexec/gcc/x86_64-unknown-linux-gnu/4.8.5/lto-wrapper
Target: x86_64-unknown-linux-gnu
Configured with: ./configure --prefix=/home/milad/anaconda2/gcc --with-gxx-include-dir=/home/milad/anaconda2/gcc/include/c++ --bindir=/home/milad/anaconda2/bin --datarootdir=/home/milad/anaconda2/share --libdir=/home/milad/anaconda2/lib --with-gmp=/home/milad/anaconda2 --with-mpfr=/home/milad/anaconda2 --with-mpc=/home/milad/anaconda2 --with-isl=/home/milad/anaconda2 --with-cloog=/home/milad/anaconda2 --enable-checking=release --with-tune=generic --disable-multilib
Thread model: posix
gcc version 4.8.5 (GCC) 
configure:3372: $? = 0
configure:3361: g++ -V >&5
g++: error: unrecognized command line option '-V'
g++: fatal error: no input files
compilation terminated.
configure:3372: $? = 1
configure:3361: g++ -qversion >&5
g++: error: unrecognized command line option '-qversion'
g++: fatal error: no input files
compilation terminated.
configure:3372: $? = 1
configure:3376: checking whether we are using the GNU C++ compiler
configure:3395: g++ -c -g -O2 -flto  conftest.cpp >&5
configure:3395: $? = 0
configure:3404: result: yes
configure:3413: checking whether g++ accepts -g
configure:3433: g++ -c -g  conftest.cpp >&5
configure:3433: $? = 0
configure:3474: result: yes
configure:3511: checking for a BSD-compatible install
configure:3579: result: /usr/bin/install -c
configure:3592: checking for find
configure:3608: found /usr/bin/find
configure:3620: result: find
configure:3630: checking for makedepend
configure:3658: result: :
configure:3667: checking for dlopen in -ldl
configure:3692: gcc -o conftest -g -O2 -flto  -flto conftest.c -ldl   >&5
configure:3692: $? = 0
configure:3701: result: yes
configure:3827: checking for X
configure:3935: gcc -E  conftest.c
configure:3935: $? = 0
configure:3966: gcc -o conftest -g -O2 -flto  -flto conftest.c -lX11  >&5
configure:3966: $? = 0
configure:4016: result: libraries , headers 
configure:4115: gcc -o conftest -g -O2 -flto  -flto conftest.c   -lX11 >&5
configure:4115: $? = 0
configure:4213: checking for gethostbyname
configure:4213: gcc -o conftest -g -O2 -flto  -flto conftest.c  >&5
configure:4213: $? = 0
configure:4213: result: yes
configure:4310: checking for connect
configure:4310: gcc -o conftest -g -O2 -flto  -flto conftest.c  >&5
configure:4310: $? = 0
configure:4310: result: yes
configure:4359: checking for remove
configure:4359: gcc -o conftest -g -O2 -flto  -flto conftest.c  >&5
configure:4359: $? = 0
configure:4359: result: yes
configure:4408: checking for shmat
configure:4408: gcc -o conftest -g -O2 -flto  -flto conftest.c  >&5
configure:4408: $? = 0
configure:4408: result: yes
configure:4466: checking for IceConnectionNumber in -lICE
configure:4491: gcc -o conftest -g -O2 -flto  -flto conftest.c -lICE   >&5
configure:4491: $? = 0
configure:4500: result: yes
configure:4526: checking for main in -lm
configure:4545: gcc -o conftest -g -O2 -flto  -I/usr/local/include  -flto conftest.c -lm   -L/usr/local/lib >&5
configure:4545: $? = 0
configure:4554: result: yes
configure:4564: checking for main in -lX11
configure:4583: gcc -o conftest -g -O2 -flto  -I/usr/local/include  -flto conftest.c -lX11   -L/usr/local/lib -lm >&5
configure:4583: $? = 0
configure:4592: result: yes
configure:4599: checking for main in -lXext
configure:4618: gcc -o conftest -g -O2 -flto  -I/usr/local/include  -flto conftest.c -lXext   -L/usr/local/lib -lm -lX11 >&5
configure:4618: $? = 0
configure:4627: result: yes
configure:4634: checking for main in -lgd
configure:4653: gcc -o conftest -g -O2 -flto  -I/usr/local/include  -flto conftest.c -lgd   -L/usr/local/lib -lm -lX11 -lXext >&5
/usr/bin/ld: cannot find -lgd
collect2: error: ld returned 1 exit status
configure:4653: $? = 1
configure: failed program was:
| /* confdefs.h */
| #define PACKAGE_NAME ""
| #define PACKAGE_TARNAME ""
| #define PACKAGE_VERSION ""
| #define PACKAGE_STRING ""
| #define PACKAGE_BUGREPORT ""
| #define PACKAGE_URL ""
| #define LINUX 1
| #define DO_PS 1
| #define DO_FIG 1
| #define DO_X11 1
| #define DO_XDBE 1
| /* end confdefs.h.  */
| 
| 
| int
| main ()
| {
| return main ();
|   ;
|   return 0;
| }
configure:4662: result: no
configure:4753: checking for grep that handles long lines and -e
configure:4811: result: /bin/grep
configure:4816: checking for egrep
configure:4878: result: /bin/grep -E
configure:4883: checking for ANSI C header files
configure:4903: gcc -c -g -O2 -flto  -I/usr/local/include  conftest.c >&5
configure:4903: $? = 0
configure:4976: gcc -o conftest -g -O2 -flto  -I/usr/local/include  -flto conftest.c  -L/usr/local/lib -lm -lX11 -lXext >&5
configure:4976: $? = 0
configure:4976: ./conftest
configure:4976: $? = 0
configure:4987: result: yes
configure:5000: checking for sys/types.h
configure:5000: gcc -c -g -O2 -flto  -I/usr/local/include  conftest.c >&5
configure:5000: $? = 0
configure:5000: result: yes
configure:5000: checking for sys/stat.h
configure:5000: gcc -c -g -O2 -flto  -I/usr/local/include  conftest.c >&5
configure:5000: $? = 0
configure:5000: result: yes
configure:5000: checking for stdlib.h
configure:5000: gcc -c -g -O2 -flto  -I/usr/local/include  conftest.c >&5
configure:5000: $? = 0
configure:5000: result: yes
configure:5000: checking for string.h
configure:5000: gcc -c -g -O2 -flto  -I/usr/local/include  conftest.c >&5
configure:5000: $? = 0
configure:5000: result: yes
configure:5000: checking for memory.h
configure:5000: gcc -c -g -O2 -flto  -I/usr/local/include  conftest.c >&5
configure:5000: $? = 0
configure:5000: result: yes
configure:5000: checking for strings.h
configure:5000: gcc -c -g -O2 -flto  -I/usr/local/include  conftest.c >&5
configure:5000: $? = 0
configure:5000: result: yes
configure:5000: checking for inttypes.h
configure:5000: gcc -c -g -O2 -flto  -I/usr/local/include  conftest.c >&5
configure:5000: $? = 0
configure:5000: result: yes
configure:5000: checking for stdint.h
configure:5000: gcc -c -g -O2 -flto  -I/usr/local/include  conftest.c >&5
configure:5000: $? = 0
configure:5000: result: yes
configure:5000: checking for unistd.h
configure:5000: gcc -c -g -O2 -flto  -I/usr/local/include  conftest.c >&5
configure:5000: $? = 0
configure:5000: result: yes
configure:5014: checking limits.h usability
configure:5014: gcc -c -g -O2 -flto  -I/usr/local/include  conftest.c >&5
configure:5014: $? = 0
configure:5014: result: yes
configure:5014: checking limits.h presence
configure:5014: gcc -E  conftest.c
configure:5014: $? = 0
configure:5014: result: yes
configure:5014: checking for limits.h
configure:5014: result: yes
configure:5181: creating ./config.status

## ---------------------- ##
## Running config.status. ##
## ---------------------- ##

This file was extended by config.status, which was
generated by GNU Autoconf 2.69.  Invocation command line was

  CONFIG_FILES    = 
  CONFIG_HEADERS  = 
  CONFIG_LINKS    = 
  CONFIG_COMMANDS = 
  $ ./config.status 

on milad-Latitude

config.status:761: creating Makefile
config.status:761: creating demo/Makefile
config.status:761: creating g2_perl/Makefile.PL
config.status:761: creating g2_python/Makefile

## ---------------- ##
## Cache variables. ##
## ---------------- ##

ac_cv_build=x86_64-unknown-linux-gnu
ac_cv_c_compiler_gnu=yes
ac_cv_cxx_compiler_gnu=yes
ac_cv_env_CCC_set=
ac_cv_env_CCC_value=
ac_cv_env_CC_set=
ac_cv_env_CC_value=
ac_cv_env_CFLAGS_set=set
ac_cv_env_CFLAGS_value='-g -O2 -flto'
ac_cv_env_CPPFLAGS_set=
ac_cv_env_CPPFLAGS_value=
ac_cv_env_CPP_set=
ac_cv_env_CPP_value=
ac_cv_env_CXXFLAGS_set=set
ac_cv_env_CXXFLAGS_value='-g -O2 -flto'
ac_cv_env_CXX_set=
ac_cv_env_CXX_value=
ac_cv_env_LDFLAGS_set=set
ac_cv_env_LDFLAGS_value=-flto
ac_cv_env_LIBS_set=
ac_cv_env_LIBS_value=
ac_cv_env_XMKMF_set=
ac_cv_env_XMKMF_value=
ac_cv_env_build_alias_set=
ac_cv_env_build_alias_value=
ac_cv_env_host_alias_set=
ac_cv_env_host_alias_value=
ac_cv_env_target_alias_set=
ac_cv_env_target_alias_value=
ac_cv_func_connect=yes
ac_cv_func_gethostbyname=yes
ac_cv_func_remove=yes
ac_cv_func_shmat=yes
ac_cv_have_x='have_x=yes	ac_x_includes='\'''\''	ac_x_libraries='\'''\'''
ac_cv_header_inttypes_h=yes
ac_cv_header_limits_h=yes
ac_cv_header_memory_h=yes
ac_cv_header_stdc=yes
ac_cv_header_stdint_h=yes
ac_cv_header_stdlib_h=yes
ac_cv_header_string_h=yes
ac_cv_header_strings_h=yes
ac_cv_header_sys_stat_h=yes
ac_cv_header_sys_types_h=yes
ac_cv_header_unistd_h=yes
ac_cv_host=x86_64-unknown-linux-gnu
ac_cv_lib_ICE_IceConnectionNumber=yes
ac_cv_lib_X11_main=yes
ac_cv_lib_Xext_main=yes
ac_cv_lib_dl_dlopen=yes
ac_cv_lib_gd_main=no
ac_cv_lib_m_main=yes
ac_cv_objext=o
ac_cv_path_EGREP='/bin/grep -E'
ac_cv_path_GREP=/bin/grep
ac_cv_path_install='/usr/bin/install -c'
ac_cv_prog_CPP='gcc -E'
ac_cv_prog_FIND=find
ac_cv_prog_MAKEDEPEND=:
ac_cv_prog_ac_ct_CC=gcc
ac_cv_prog_ac_ct_CXX=g++
ac_cv_prog_cc_c89=
ac_cv_prog_cc_g=yes
ac_cv_prog_cxx_g=yes

## ----------------- ##
## Output variables. ##
## ----------------- ##

AR='gcc-ar'
CC='gcc'
CFLAGS='-g -O2 -flto  -I/usr/local/include'
CPP='gcc -E'
CPPFLAGS=''
CXX='g++'
CXXFLAGS='-g -O2 -flto'
DEFS='-DPACKAGE_NAME=\"\" -DPACKAGE_TARNAME=\"\" -DPACKAGE_VERSION=\"\" -DPACKAGE_STRING=\"\" -DPACKAGE_BUGREPORT=\"\" -DPACKAGE_URL=\"\" -DLINUX=1 -DDO_PS=1 -DDO_FIG=1 -DDO_X11=1 -DDO_XDBE=1 -DSTDC_HEADERS=1 -DHAVE_SYS_TYPES_H=1 -DHAVE_SYS_STAT_H=1 -DHAVE_STDLIB_H=1 -DHAVE_STRING_H=1 -DHAVE_MEMORY_H=1 -DHAVE_STRINGS_H=1 -DHAVE_INTTYPES_H=1 -DHAVE_STDINT_H=1 -DHAVE_UNISTD_H=1 -DHAVE_LIMITS_H=1'
DO_FIG=''
DO_GD='#'
DO_GIF='#'
DO_PS=''
DO_WIN32='#'
DO_X11=''
DO_XDBE=''
ECHO_C=''
ECHO_N='-n'
ECHO_T=''
EGREP='/bin/grep -E'
EXEEXT=''
FIND='find'
GREP='/bin/grep'
INSTALL_DATA='${INSTALL} -m 644'
INSTALL_PROGRAM='${INSTALL}'
INSTALL_SCRIPT='${INSTALL}'
LDFLAGS='-flto'
LD_SHARED='ld'
LD_SHARED_EXT='so.0.$(G2_VERSION)'
LD_SHARED_FLAGS='-shared -soname libg2.so.0'
LD_SHARED_OPT=''
LIBOBJS=''
LIBS=' -L/usr/local/lib -lm -lX11 -lXext'
LTLIBOBJS=''
MAKEDEPEND=':'
OBJEXT='o'
PACKAGE_BUGREPORT=''
PACKAGE_NAME=''
PACKAGE_STRING=''
PACKAGE_TARNAME=''
PACKAGE_URL=''
PACKAGE_VERSION=''
PATH_SEPARATOR=':'
RANLIB='gcc-ranlib'
SHELL='/bin/bash'
XMKMF=''
X_CFLAGS=''
X_EXTRA_LIBS=''
X_LIBS=''
X_PRE_LIBS=' -lSM -lICE'
ac_ct_CC='gcc'
ac_ct_CXX='g++'
bindir='${exec_prefix}/bin'
build='x86_64-unknown-linux-gnu'
build_alias=''
build_cpu='x86_64'
build_os='linux-gnu'
build_vendor='unknown'
datadir='${datarootdir}'
datarootdir='${prefix}/share'
docdir='${datarootdir}/doc/${PACKAGE}'
dvidir='${docdir}'
exec_prefix='${prefix}'
host='x86_64-unknown-linux-gnu'
host_alias=''
host_cpu='x86_64'
host_os='linux-gnu'
host_vendor='unknown'
htmldir='${docdir}'
includedir='${prefix}/include'
infodir='${datarootdir}/info'
libdir='${exec_prefix}/lib'
libexecdir='${exec_prefix}/libexec'
localedir='${datarootdir}/locale'
localstatedir='${prefix}/var'
mandir='${datarootdir}/man'
oldincludedir='/usr/include'
pdfdir='${docdir}'
prefix='/home/milad/software/mmfold'
program_transform_name='s,x,x,'
psdir='${docdir}'
sbindir='${exec_prefix}/sbin'
sharedstatedir='${prefix}/com'
sysconfdir='${prefix}/etc'
target_alias=''

## ----------- ##
## confdefs.h. ##
## ----------- ##

/* confdefs.h */
#define PACKAGE_NAME ""
#define PACKAGE_TARNAME ""
#define PACKAGE_VERSION ""
#define PACKAGE_STRING ""
#define PACKAGE_BUGREPORT ""
#define PACKAGE_URL ""
#define LINUX 1
#define DO_PS 1
#define DO_FIG 1
#define DO_X11 1
#define DO_XDBE 1
#define STDC_HEADERS 1
#define HAVE_SYS_TYPES_H 1
#define HAVE_SYS_STAT_H 1
#define HAVE_STDLIB_H 1
#define HAVE_STRING_H 1
#define HAVE_MEMORY_H 1
#define HAVE_STRINGS_H 1
#define HAVE_INTTYPES_H 1
#define HAVE_STDINT_H 1
#define HAVE_UNISTD_H 1
#define HAVE_LIMITS_H 1

configure: exit 0
