This file contains any messages produced by compilers while
running configure, to aid debugging if configure makes a mistake.

It was created by ViennaRNA configure 2.2.4, which was
generated by GNU Autoconf 2.69.  Invocation command line was

  $ ./configure --prefix=/home/milad/software/mmfold/

## --------- ##
## Platform. ##
## --------- ##

hostname = milad-Latitude
uname -m = x86_64
uname -r = 3.13.0-79-generic
uname -s = Linux
uname -v = #123-Ubuntu SMP Fri Feb 19 14:27:58 UTC 2016

/usr/bin/uname -p = unknown
/bin/uname -X     = unknown

/bin/arch              = unknown
/usr/bin/arch -k       = unknown
/usr/convex/getsysinfo = unknown
/usr/bin/hostinfo      = unknown
/bin/machine           = unknown
/usr/bin/oslevel       = unknown
/bin/universe          = unknown

PATH: /home/milad/anaconda2/bin
PATH: /home/milad/software/bin
PATH: /usr/local/sbin
PATH: /usr/local/bin
PATH: /usr/sbin
PATH: /usr/bin
PATH: /sbin
PATH: /bin
PATH: /usr/games
PATH: /usr/local/games


## ----------- ##
## Core tests. ##
## ----------- ##

configure:2681: checking whether make supports nested variables
configure:2698: result: yes
configure:2725: checking for a BSD-compatible install
configure:2793: result: /usr/bin/install -c
configure:2804: checking whether build environment is sane
configure:2859: result: yes
configure:3010: checking for a thread-safe mkdir -p
configure:3049: result: /bin/mkdir -p
configure:3056: checking for gawk
configure:3072: found /usr/bin/gawk
configure:3083: result: gawk
configure:3094: checking whether make sets $(MAKE)
configure:3116: result: yes
configure:3253: checking if malloc debugging is wanted
configure:3271: result: no
configure:3284: checking build system type
configure:3298: result: x86_64-unknown-linux-gnu
configure:3318: checking host system type
configure:3331: result: x86_64-unknown-linux-gnu
configure:3410: checking for g++
configure:3426: found /home/milad/anaconda2/bin/g++
configure:3437: result: g++
configure:3464: checking for C++ compiler version
configure:3473: g++ --version >&5
g++ (GCC) 4.8.5
Copyright (C) 2015 Free Software Foundation, Inc.
This is free software; see the source for copying conditions.  There is NO
warranty; not even for MERCHANTABILITY or FITNESS FOR A PARTICULAR PURPOSE.

configure:3484: $? = 0
configure:3473: g++ -v >&5
Reading specs from /home/milad/anaconda2/lib/gcc/x86_64-unknown-linux-gnu/4.8.5/specs
COLLECT_GCC=g++
COLLECT_LTO_WRAPPER=/home/milad/anaconda2/gcc/libexec/gcc/x86_64-unknown-linux-gnu/4.8.5/lto-wrapper
Target: x86_64-unknown-linux-gnu
Configured with: ./configure --prefix=/home/milad/anaconda2/gcc --with-gxx-include-dir=/home/milad/anaconda2/gcc/include/c++ --bindir=/home/milad/anaconda2/bin --datarootdir=/home/milad/anaconda2/share --libdir=/home/milad/anaconda2/lib --with-gmp=/home/milad/anaconda2 --with-mpfr=/home/milad/anaconda2 --with-mpc=/home/milad/anaconda2 --with-isl=/home/milad/anaconda2 --with-cloog=/home/milad/anaconda2 --enable-checking=release --with-tune=generic --disable-multilib
Thread model: posix
gcc version 4.8.5 (GCC) 
configure:3484: $? = 0
configure:3473: g++ -V >&5
g++: error: unrecognized command line option '-V'
g++: fatal error: no input files
compilation terminated.
configure:3484: $? = 1
configure:3473: g++ -qversion >&5
g++: error: unrecognized command line option '-qversion'
g++: fatal error: no input files
compilation terminated.
configure:3484: $? = 1
configure:3504: checking whether the C++ compiler works
configure:3526: g++    conftest.cpp  >&5
configure:3530: $? = 0
configure:3578: result: yes
configure:3581: checking for C++ compiler default output file name
configure:3583: result: a.out
configure:3589: checking for suffix of executables
configure:3596: g++ -o conftest    conftest.cpp  >&5
configure:3600: $? = 0
configure:3622: result: 
configure:3644: checking whether we are cross compiling
configure:3652: g++ -o conftest    conftest.cpp  >&5
configure:3656: $? = 0
configure:3663: ./conftest
configure:3667: $? = 0
configure:3682: result: no
configure:3687: checking for suffix of object files
configure:3709: g++ -c   conftest.cpp >&5
configure:3713: $? = 0
configure:3734: result: o
configure:3738: checking whether we are using the GNU C++ compiler
configure:3757: g++ -c   conftest.cpp >&5
configure:3757: $? = 0
configure:3766: result: yes
configure:3775: checking whether g++ accepts -g
configure:3795: g++ -c -g  conftest.cpp >&5
configure:3795: $? = 0
configure:3836: result: yes
configure:3870: checking for style of include used by make
configure:3898: result: GNU
configure:3924: checking dependency style of g++
configure:4035: result: gcc3
configure:4055: checking how to run the C++ preprocessor
configure:4082: g++ -E  conftest.cpp
configure:4082: $? = 0
configure:4096: g++ -E  conftest.cpp
conftest.cpp:11:28: fatal error: ac_nonexistent.h: No such file or directory
 #include <ac_nonexistent.h>
                            ^
compilation terminated.
configure:4096: $? = 1
configure: failed program was:
| /* confdefs.h */
| #define PACKAGE_NAME "ViennaRNA"
| #define PACKAGE_TARNAME "ViennaRNA"
| #define PACKAGE_VERSION "2.2.4"
| #define PACKAGE_STRING "ViennaRNA 2.2.4"
| #define PACKAGE_BUGREPORT "rna@tbi.univie.ac.at"
| #define PACKAGE_URL "http://www.tbi.univie.ac.at/RNA"
| #define PACKAGE "ViennaRNA"
| #define VERSION "2.2.4"
| /* end confdefs.h.  */
| #include <ac_nonexistent.h>
configure:4121: result: g++ -E
configure:4141: g++ -E  conftest.cpp
configure:4141: $? = 0
configure:4155: g++ -E  conftest.cpp
conftest.cpp:11:28: fatal error: ac_nonexistent.h: No such file or directory
 #include <ac_nonexistent.h>
                            ^
compilation terminated.
configure:4155: $? = 1
configure: failed program was:
| /* confdefs.h */
| #define PACKAGE_NAME "ViennaRNA"
| #define PACKAGE_TARNAME "ViennaRNA"
| #define PACKAGE_VERSION "2.2.4"
| #define PACKAGE_STRING "ViennaRNA 2.2.4"
| #define PACKAGE_BUGREPORT "rna@tbi.univie.ac.at"
| #define PACKAGE_URL "http://www.tbi.univie.ac.at/RNA"
| #define PACKAGE "ViennaRNA"
| #define VERSION "2.2.4"
| /* end confdefs.h.  */
| #include <ac_nonexistent.h>
configure:4231: checking for gcc
configure:4247: found /home/milad/anaconda2/bin/gcc
configure:4258: result: gcc
configure:4487: checking for C compiler version
configure:4496: gcc --version >&5
gcc (GCC) 4.8.5
Copyright (C) 2015 Free Software Foundation, Inc.
This is free software; see the source for copying conditions.  There is NO
warranty; not even for MERCHANTABILITY or FITNESS FOR A PARTICULAR PURPOSE.

configure:4507: $? = 0
configure:4496: gcc -v >&5
Reading specs from /home/milad/anaconda2/lib/gcc/x86_64-unknown-linux-gnu/4.8.5/specs
COLLECT_GCC=gcc
COLLECT_LTO_WRAPPER=/home/milad/anaconda2/gcc/libexec/gcc/x86_64-unknown-linux-gnu/4.8.5/lto-wrapper
Target: x86_64-unknown-linux-gnu
Configured with: ./configure --prefix=/home/milad/anaconda2/gcc --with-gxx-include-dir=/home/milad/anaconda2/gcc/include/c++ --bindir=/home/milad/anaconda2/bin --datarootdir=/home/milad/anaconda2/share --libdir=/home/milad/anaconda2/lib --with-gmp=/home/milad/anaconda2 --with-mpfr=/home/milad/anaconda2 --with-mpc=/home/milad/anaconda2 --with-isl=/home/milad/anaconda2 --with-cloog=/home/milad/anaconda2 --enable-checking=release --with-tune=generic --disable-multilib
Thread model: posix
gcc version 4.8.5 (GCC) 
configure:4507: $? = 0
configure:4496: gcc -V >&5
gcc: error: unrecognized command line option '-V'
gcc: fatal error: no input files
compilation terminated.
configure:4507: $? = 1
configure:4496: gcc -qversion >&5
gcc: error: unrecognized command line option '-qversion'
gcc: fatal error: no input files
compilation terminated.
configure:4507: $? = 1
configure:4511: checking whether we are using the GNU C compiler
configure:4530: gcc -c   conftest.c >&5
configure:4530: $? = 0
configure:4539: result: yes
configure:4548: checking whether gcc accepts -g
configure:4568: gcc -c -g  conftest.c >&5
configure:4568: $? = 0
configure:4609: result: yes
configure:4626: checking for gcc option to accept ISO C89
configure:4689: gcc  -c -g -O2  conftest.c >&5
configure:4689: $? = 0
configure:4702: result: none needed
configure:4727: checking whether gcc understands -c and -o together
configure:4749: gcc -c conftest.c -o conftest2.o
configure:4752: $? = 0
configure:4749: gcc -c conftest.c -o conftest2.o
configure:4752: $? = 0
configure:4764: result: yes
configure:4783: checking dependency style of gcc
configure:4894: result: gcc3
configure:4914: checking how to run the C preprocessor
configure:4945: gcc -E  conftest.c
configure:4945: $? = 0
configure:4959: gcc -E  conftest.c
conftest.c:11:28: fatal error: ac_nonexistent.h: No such file or directory
 #include <ac_nonexistent.h>
                            ^
compilation terminated.
configure:4959: $? = 1
configure: failed program was:
| /* confdefs.h */
| #define PACKAGE_NAME "ViennaRNA"
| #define PACKAGE_TARNAME "ViennaRNA"
| #define PACKAGE_VERSION "2.2.4"
| #define PACKAGE_STRING "ViennaRNA 2.2.4"
| #define PACKAGE_BUGREPORT "rna@tbi.univie.ac.at"
| #define PACKAGE_URL "http://www.tbi.univie.ac.at/RNA"
| #define PACKAGE "ViennaRNA"
| #define VERSION "2.2.4"
| /* end confdefs.h.  */
| #include <ac_nonexistent.h>
configure:4984: result: gcc -E
configure:5004: gcc -E  conftest.c
configure:5004: $? = 0
configure:5018: gcc -E  conftest.c
conftest.c:11:28: fatal error: ac_nonexistent.h: No such file or directory
 #include <ac_nonexistent.h>
                            ^
compilation terminated.
configure:5018: $? = 1
configure: failed program was:
| /* confdefs.h */
| #define PACKAGE_NAME "ViennaRNA"
| #define PACKAGE_TARNAME "ViennaRNA"
| #define PACKAGE_VERSION "2.2.4"
| #define PACKAGE_STRING "ViennaRNA 2.2.4"
| #define PACKAGE_BUGREPORT "rna@tbi.univie.ac.at"
| #define PACKAGE_URL "http://www.tbi.univie.ac.at/RNA"
| #define PACKAGE "ViennaRNA"
| #define VERSION "2.2.4"
| /* end confdefs.h.  */
| #include <ac_nonexistent.h>
configure:5108: checking for ar
configure:5124: found /usr/bin/ar
configure:5135: result: ar
configure:5161: checking the archiver (ar) interface
configure:5177: gcc -c -g -O2  conftest.c >&5
configure:5177: $? = 0
configure:5179: ar cru libconftest.a conftest.o >&5
configure:5182: $? = 0
configure:5210: result: ar
configure:5230: checking whether make sets $(MAKE)
configure:5252: result: yes
configure:5261: checking for grep that handles long lines and -e
configure:5319: result: /bin/grep
configure:5326: checking for a sed that does not truncate output
configure:5390: result: /bin/sed
configure:5395: checking whether ln -s works
configure:5399: result: yes
configure:5453: checking how to print strings
configure:5480: result: printf
configure:5501: checking for a sed that does not truncate output
configure:5565: result: /bin/sed
configure:5583: checking for egrep
configure:5645: result: /bin/grep -E
configure:5650: checking for fgrep
configure:5712: result: /bin/grep -F
configure:5747: checking for ld used by gcc
configure:5814: result: /usr/bin/ld
configure:5821: checking if the linker (/usr/bin/ld) is GNU ld
configure:5836: result: yes
configure:5848: checking for BSD- or MS-compatible name lister (nm)
configure:5902: result: /usr/bin/nm -B
configure:6032: checking the name lister (/usr/bin/nm -B) interface
configure:6039: gcc -c -g -O2  conftest.c >&5
configure:6042: /usr/bin/nm -B "conftest.o"
configure:6045: output
0000000000000000 B some_variable
configure:6052: result: BSD nm
configure:6056: checking the maximum length of command line arguments
configure:6187: result: 1572864
configure:6235: checking how to convert x86_64-unknown-linux-gnu file names to x86_64-unknown-linux-gnu format
configure:6275: result: func_convert_file_noop
configure:6282: checking how to convert x86_64-unknown-linux-gnu file names to toolchain format
configure:6302: result: func_convert_file_noop
configure:6309: checking for /usr/bin/ld option to reload object files
configure:6316: result: -r
configure:6390: checking for objdump
configure:6406: found /usr/bin/objdump
configure:6417: result: objdump
configure:6449: checking how to recognize dependent libraries
configure:6649: result: pass_all
configure:6734: checking for dlltool
configure:6764: result: no
configure:6794: checking how to associate runtime and link libraries
configure:6821: result: printf %s\n
configure:6945: checking for archiver @FILE support
configure:6962: gcc -c -g -O2  conftest.c >&5
configure:6962: $? = 0
configure:6965: ar cru libconftest.a @conftest.lst >&5
configure:6968: $? = 0
configure:6973: ar cru libconftest.a @conftest.lst >&5
ar: conftest.o: No such file or directory
configure:6976: $? = 1
configure:6988: result: @
configure:7046: checking for strip
configure:7062: found /usr/bin/strip
configure:7073: result: strip
configure:7145: checking for ranlib
configure:7161: found /usr/bin/ranlib
configure:7172: result: ranlib
configure:7274: checking command to parse /usr/bin/nm -B output from gcc object
configure:7427: gcc -c -g -O2  conftest.c >&5
configure:7430: $? = 0
configure:7434: /usr/bin/nm -B conftest.o \| sed -n -e 's/^.*[ ]\([ABCDGIRSTW][ABCDGIRSTW]*\)[ ][ ]*\([_A-Za-z][_A-Za-z0-9]*\)$/\1 \2 \2/p' | sed '/ __gnu_lto/d' \> conftest.nm
configure:7437: $? = 0
configure:7503: gcc -o conftest -g -O2   conftest.c conftstm.o >&5
configure:7506: $? = 0
configure:7544: result: ok
configure:7591: checking for sysroot
configure:7621: result: no
configure:7628: checking for a working dd
configure:7666: result: /bin/dd
configure:7670: checking how to truncate binary pipes
configure:7685: result: /bin/dd bs=4096 count=1
configure:7821: gcc -c -g -O2  conftest.c >&5
configure:7824: $? = 0
configure:8014: checking for mt
configure:8030: found /bin/mt
configure:8041: result: mt
configure:8064: checking if mt is a manifest tool
configure:8070: mt '-?'
configure:8078: result: no
configure:8751: checking for ANSI C header files
configure:8771: gcc -c -g -O2  conftest.c >&5
configure:8771: $? = 0
configure:8844: gcc -o conftest -g -O2   conftest.c  >&5
configure:8844: $? = 0
configure:8844: ./conftest
configure:8844: $? = 0
configure:8855: result: yes
configure:8868: checking for sys/types.h
configure:8868: gcc -c -g -O2  conftest.c >&5
configure:8868: $? = 0
configure:8868: result: yes
configure:8868: checking for sys/stat.h
configure:8868: gcc -c -g -O2  conftest.c >&5
configure:8868: $? = 0
configure:8868: result: yes
configure:8868: checking for stdlib.h
configure:8868: gcc -c -g -O2  conftest.c >&5
configure:8868: $? = 0
configure:8868: result: yes
configure:8868: checking for string.h
configure:8868: gcc -c -g -O2  conftest.c >&5
configure:8868: $? = 0
configure:8868: result: yes
configure:8868: checking for memory.h
configure:8868: gcc -c -g -O2  conftest.c >&5
configure:8868: $? = 0
configure:8868: result: yes
configure:8868: checking for strings.h
configure:8868: gcc -c -g -O2  conftest.c >&5
configure:8868: $? = 0
configure:8868: result: yes
configure:8868: checking for inttypes.h
configure:8868: gcc -c -g -O2  conftest.c >&5
configure:8868: $? = 0
configure:8868: result: yes
configure:8868: checking for stdint.h
configure:8868: gcc -c -g -O2  conftest.c >&5
configure:8868: $? = 0
configure:8868: result: yes
configure:8868: checking for unistd.h
configure:8868: gcc -c -g -O2  conftest.c >&5
configure:8868: $? = 0
configure:8868: result: yes
configure:8882: checking for dlfcn.h
configure:8882: gcc -c -g -O2  conftest.c >&5
configure:8882: $? = 0
configure:8882: result: yes
configure:9149: checking for objdir
configure:9164: result: .libs
configure:9428: checking if gcc supports -fno-rtti -fno-exceptions
configure:9446: gcc -c -g -O2  -fno-rtti -fno-exceptions conftest.c >&5
cc1: warning: command line option '-fno-rtti' is valid for C++/ObjC++ but not for C [enabled by default]
configure:9450: $? = 0
configure:9463: result: no
configure:9821: checking for gcc option to produce PIC
configure:9828: result: -fPIC -DPIC
configure:9836: checking if gcc PIC flag -fPIC -DPIC works
configure:9854: gcc -c -g -O2  -fPIC -DPIC -DPIC conftest.c >&5
configure:9858: $? = 0
configure:9871: result: yes
configure:9900: checking if gcc static flag -static works
configure:9928: result: yes
configure:9943: checking if gcc supports -c -o file.o
configure:9964: gcc -c -g -O2  -o out/conftest2.o conftest.c >&5
configure:9968: $? = 0
configure:9990: result: yes
configure:9998: checking if gcc supports -c -o file.o
configure:10045: result: yes
configure:10078: checking whether the gcc linker (/usr/bin/ld -m elf_x86_64) supports shared libraries
configure:11337: result: yes
configure:11374: checking whether -lc should be explicitly linked in
configure:11382: gcc -c -g -O2  conftest.c >&5
configure:11385: $? = 0
configure:11400: gcc -shared  -fPIC -DPIC conftest.o  -v -Wl,-soname -Wl,conftest -o conftest 2\>\&1 \| /bin/grep  -lc  \>/dev/null 2\>\&1
configure:11403: $? = 0
configure:11417: result: no
configure:11577: checking dynamic linker characteristics
configure:12158: gcc -o conftest -g -O2   -Wl,-rpath -Wl,/foo conftest.c  >&5
configure:12158: $? = 0
configure:12395: result: GNU/Linux ld.so
configure:12517: checking how to hardcode library paths into programs
configure:12542: result: immediate
configure:13090: checking whether stripping libraries is possible
configure:13095: result: yes
configure:13130: checking if libtool supports shared libraries
configure:13132: result: yes
configure:13135: checking whether to build shared libraries
configure:13160: result: yes
configure:13163: checking whether to build static libraries
configure:13167: result: yes
configure:13190: checking how to run the C++ preprocessor
configure:13256: result: g++ -E
configure:13276: g++ -E  conftest.cpp
configure:13276: $? = 0
configure:13290: g++ -E  conftest.cpp
conftest.cpp:24:28: fatal error: ac_nonexistent.h: No such file or directory
 #include <ac_nonexistent.h>
                            ^
compilation terminated.
configure:13290: $? = 1
configure: failed program was:
| /* confdefs.h */
| #define PACKAGE_NAME "ViennaRNA"
| #define PACKAGE_TARNAME "ViennaRNA"
| #define PACKAGE_VERSION "2.2.4"
| #define PACKAGE_STRING "ViennaRNA 2.2.4"
| #define PACKAGE_BUGREPORT "rna@tbi.univie.ac.at"
| #define PACKAGE_URL "http://www.tbi.univie.ac.at/RNA"
| #define PACKAGE "ViennaRNA"
| #define VERSION "2.2.4"
| #define UNUSED __attribute__ ((unused))
| #define STDC_HEADERS 1
| #define HAVE_SYS_TYPES_H 1
| #define HAVE_SYS_STAT_H 1
| #define HAVE_STDLIB_H 1
| #define HAVE_STRING_H 1
| #define HAVE_MEMORY_H 1
| #define HAVE_STRINGS_H 1
| #define HAVE_INTTYPES_H 1
| #define HAVE_STDINT_H 1
| #define HAVE_UNISTD_H 1
| #define HAVE_DLFCN_H 1
| #define LT_OBJDIR ".libs/"
| /* end confdefs.h.  */
| #include <ac_nonexistent.h>
configure:13452: checking for ld used by g++
configure:13519: result: /usr/bin/ld -m elf_x86_64
configure:13526: checking if the linker (/usr/bin/ld -m elf_x86_64) is GNU ld
configure:13541: result: yes
configure:13596: checking whether the g++ linker (/usr/bin/ld -m elf_x86_64) supports shared libraries
configure:14669: result: yes
configure:14705: g++ -c -g -O2  conftest.cpp >&5
configure:14708: $? = 0
configure:15189: checking for g++ option to produce PIC
configure:15196: result: -fPIC -DPIC
configure:15204: checking if g++ PIC flag -fPIC -DPIC works
configure:15222: g++ -c -g -O2  -fPIC -DPIC -DPIC conftest.cpp >&5
configure:15226: $? = 0
configure:15239: result: yes
configure:15262: checking if g++ static flag -static works
configure:15290: result: yes
configure:15302: checking if g++ supports -c -o file.o
configure:15323: g++ -c -g -O2  -o out/conftest2.o conftest.cpp >&5
configure:15327: $? = 0
configure:15349: result: yes
configure:15354: checking if g++ supports -c -o file.o
configure:15401: result: yes
configure:15431: checking whether the g++ linker (/usr/bin/ld -m elf_x86_64) supports shared libraries
configure:15471: result: yes
configure:15612: checking dynamic linker characteristics
configure:16357: result: GNU/Linux ld.so
configure:16422: checking how to hardcode library paths into programs
configure:16447: result: immediate
configure:16520: checking for gcc option to support OpenMP
configure:16535: gcc -o conftest -g -O2   conftest.c  >&5
conftest.c:26:2: error: unknown type name 'choke'
  choke me
  ^
In file included from conftest.c:28:0:
/home/milad/anaconda2/lib/gcc/x86_64-unknown-linux-gnu/4.8.5/include/omp.h:34:1: error: expected '=', ',', ';', 'asm' or '__attribute__' before 'typedef'
 typedef struct
 ^
configure:16535: $? = 1
configure: failed program was:
| /* confdefs.h */
| #define PACKAGE_NAME "ViennaRNA"
| #define PACKAGE_TARNAME "ViennaRNA"
| #define PACKAGE_VERSION "2.2.4"
| #define PACKAGE_STRING "ViennaRNA 2.2.4"
| #define PACKAGE_BUGREPORT "rna@tbi.univie.ac.at"
| #define PACKAGE_URL "http://www.tbi.univie.ac.at/RNA"
| #define PACKAGE "ViennaRNA"
| #define VERSION "2.2.4"
| #define UNUSED __attribute__ ((unused))
| #define STDC_HEADERS 1
| #define HAVE_SYS_TYPES_H 1
| #define HAVE_SYS_STAT_H 1
| #define HAVE_STDLIB_H 1
| #define HAVE_STRING_H 1
| #define HAVE_MEMORY_H 1
| #define HAVE_STRINGS_H 1
| #define HAVE_INTTYPES_H 1
| #define HAVE_STDINT_H 1
| #define HAVE_UNISTD_H 1
| #define HAVE_DLFCN_H 1
| #define LT_OBJDIR ".libs/"
| /* end confdefs.h.  */
| 
| #ifndef _OPENMP
|  choke me
| #endif
| #include <omp.h>
| int main () { return omp_get_num_threads (); }
| 
configure:16553: gcc -o conftest -g -O2 -fopenmp   conftest.c  >&5
configure:16553: $? = 0
configure:16567: result: -fopenmp
configure:16580: checking for exp in -lm
configure:16605: gcc -o conftest -g -O2   conftest.c -lm   >&5
conftest.c:31:6: warning: conflicting types for built-in function 'exp' [enabled by default]
 char exp ();
      ^
configure:16605: $? = 0
configure:16614: result: yes
configure:16626: checking for ANSI C header files
configure:16730: result: yes
configure:16738: checking for stdbool.h that conforms to C99
configure:16805: gcc -c -g -O2  conftest.c >&5
configure:16805: $? = 0
configure:16812: result: yes
configure:16814: checking for _Bool
configure:16814: gcc -c -g -O2  conftest.c >&5
configure:16814: $? = 0
configure:16814: gcc -c -g -O2  conftest.c >&5
conftest.c: In function 'main':
conftest.c:62:20: error: expected expression before ')' token
 if (sizeof ((_Bool)))
                    ^
configure:16814: $? = 1
configure: failed program was:
| /* confdefs.h */
| #define PACKAGE_NAME "ViennaRNA"
| #define PACKAGE_TARNAME "ViennaRNA"
| #define PACKAGE_VERSION "2.2.4"
| #define PACKAGE_STRING "ViennaRNA 2.2.4"
| #define PACKAGE_BUGREPORT "rna@tbi.univie.ac.at"
| #define PACKAGE_URL "http://www.tbi.univie.ac.at/RNA"
| #define PACKAGE "ViennaRNA"
| #define VERSION "2.2.4"
| #define UNUSED __attribute__ ((unused))
| #define STDC_HEADERS 1
| #define HAVE_SYS_TYPES_H 1
| #define HAVE_SYS_STAT_H 1
| #define HAVE_STDLIB_H 1
| #define HAVE_STRING_H 1
| #define HAVE_MEMORY_H 1
| #define HAVE_STRINGS_H 1
| #define HAVE_INTTYPES_H 1
| #define HAVE_STDINT_H 1
| #define HAVE_UNISTD_H 1
| #define HAVE_DLFCN_H 1
| #define LT_OBJDIR ".libs/"
| #define HAVE_LIBM 1
| #define STDC_HEADERS 1
| /* end confdefs.h.  */
| #include <stdio.h>
| #ifdef HAVE_SYS_TYPES_H
| # include <sys/types.h>
| #endif
| #ifdef HAVE_SYS_STAT_H
| # include <sys/stat.h>
| #endif
| #ifdef STDC_HEADERS
| # include <stdlib.h>
| # include <stddef.h>
| #else
| # ifdef HAVE_STDLIB_H
| #  include <stdlib.h>
| # endif
| #endif
| #ifdef HAVE_STRING_H
| # if !defined STDC_HEADERS && defined HAVE_MEMORY_H
| #  include <memory.h>
| # endif
| # include <string.h>
| #endif
| #ifdef HAVE_STRINGS_H
| # include <strings.h>
| #endif
| #ifdef HAVE_INTTYPES_H
| # include <inttypes.h>
| #endif
| #ifdef HAVE_STDINT_H
| # include <stdint.h>
| #endif
| #ifdef HAVE_UNISTD_H
| # include <unistd.h>
| #endif
| int
| main ()
| {
| if (sizeof ((_Bool)))
| 	    return 0;
|   ;
|   return 0;
| }
configure:16814: result: yes
configure:16834: checking malloc.h usability
configure:16834: gcc -c -g -O2  conftest.c >&5
configure:16834: $? = 0
configure:16834: result: yes
configure:16834: checking malloc.h presence
configure:16834: gcc -E  conftest.c
configure:16834: $? = 0
configure:16834: result: yes
configure:16834: checking for malloc.h
configure:16834: result: yes
configure:16834: checking float.h usability
configure:16834: gcc -c -g -O2  conftest.c >&5
configure:16834: $? = 0
configure:16834: result: yes
configure:16834: checking float.h presence
configure:16834: gcc -E  conftest.c
configure:16834: $? = 0
configure:16834: result: yes
configure:16834: checking for float.h
configure:16834: result: yes
configure:16834: checking limits.h usability
configure:16834: gcc -c -g -O2  conftest.c >&5
configure:16834: $? = 0
configure:16834: result: yes
configure:16834: checking limits.h presence
configure:16834: gcc -E  conftest.c
configure:16834: $? = 0
configure:16834: result: yes
configure:16834: checking for limits.h
configure:16834: result: yes
configure:16834: checking for stdlib.h
configure:16834: result: yes
configure:16834: checking for string.h
configure:16834: result: yes
configure:16834: checking for strings.h
configure:16834: result: yes
configure:16834: checking for unistd.h
configure:16834: result: yes
configure:16834: checking for unistd.h
configure:16834: result: yes
configure:16834: checking math.h usability
configure:16834: gcc -c -g -O2  conftest.c >&5
configure:16834: $? = 0
configure:16834: result: yes
configure:16834: checking math.h presence
configure:16834: gcc -E  conftest.c
configure:16834: $? = 0
configure:16834: result: yes
configure:16834: checking for math.h
configure:16834: result: yes
configure:16847: checking for stdlib.h
configure:16847: result: yes
configure:16857: checking for GNU libc compatible malloc
configure:16881: gcc -o conftest -g -O2   conftest.c -lm  >&5
configure:16881: $? = 0
configure:16881: ./conftest
configure:16881: $? = 0
configure:16891: result: yes
configure:16914: checking for stdlib.h
configure:16914: result: yes
configure:16924: checking for GNU libc compatible realloc
configure:16948: gcc -o conftest -g -O2   conftest.c -lm  >&5
configure:16948: $? = 0
configure:16948: ./conftest
configure:16948: $? = 0
configure:16958: result: yes
configure:16979: checking for working strtod
configure:17020: gcc -o conftest -g -O2   conftest.c -lm  >&5
configure:17020: $? = 0
configure:17020: ./conftest
configure:17020: $? = 0
configure:17030: result: yes
configure:17095: checking for floor
configure:17095: gcc -o conftest -g -O2   conftest.c -lm  >&5
conftest.c:64:6: warning: conflicting types for built-in function 'floor' [enabled by default]
 char floor ();
      ^
configure:17095: $? = 0
configure:17095: result: yes
configure:17095: checking for strdup
configure:17095: gcc -o conftest -g -O2   conftest.c -lm  >&5
conftest.c:65:6: warning: conflicting types for built-in function 'strdup' [enabled by default]
 char strdup ();
      ^
configure:17095: $? = 0
configure:17095: result: yes
configure:17095: checking for strstr
configure:17095: gcc -o conftest -g -O2   conftest.c -lm  >&5
conftest.c:66:6: warning: conflicting types for built-in function 'strstr' [enabled by default]
 char strstr ();
      ^
configure:17095: $? = 0
configure:17095: result: yes
configure:17095: checking for strchr
configure:17095: gcc -o conftest -g -O2   conftest.c -lm  >&5
conftest.c:67:6: warning: conflicting types for built-in function 'strchr' [enabled by default]
 char strchr ();
      ^
configure:17095: $? = 0
configure:17095: result: yes
configure:17095: checking for strrchr
configure:17095: gcc -o conftest -g -O2   conftest.c -lm  >&5
conftest.c:68:6: warning: conflicting types for built-in function 'strrchr' [enabled by default]
 char strrchr ();
      ^
configure:17095: $? = 0
configure:17095: result: yes
configure:17095: checking for strstr
configure:17095: result: yes
configure:17095: checking for strtol
configure:17095: gcc -o conftest -g -O2   conftest.c -lm  >&5
configure:17095: $? = 0
configure:17095: result: yes
configure:17095: checking for strtoul
configure:17095: gcc -o conftest -g -O2   conftest.c -lm  >&5
configure:17095: $? = 0
configure:17095: result: yes
configure:17095: checking for pow
configure:17095: gcc -o conftest -g -O2   conftest.c -lm  >&5
conftest.c:72:6: warning: conflicting types for built-in function 'pow' [enabled by default]
 char pow ();
      ^
configure:17095: $? = 0
configure:17095: result: yes
configure:17095: checking for rint
configure:17095: gcc -o conftest -g -O2   conftest.c -lm  >&5
conftest.c:73:6: warning: conflicting types for built-in function 'rint' [enabled by default]
 char rint ();
      ^
configure:17095: $? = 0
configure:17095: result: yes
configure:17095: checking for sqrt
configure:17095: gcc -o conftest -g -O2   conftest.c -lm  >&5
conftest.c:74:6: warning: conflicting types for built-in function 'sqrt' [enabled by default]
 char sqrt ();
      ^
configure:17095: $? = 0
configure:17095: result: yes
configure:17095: checking for erand48
configure:17095: gcc -o conftest -g -O2   conftest.c -lm  >&5
configure:17095: $? = 0
configure:17095: result: yes
configure:17095: checking for memset
configure:17095: gcc -o conftest -g -O2   conftest.c -lm  >&5
conftest.c:76:6: warning: conflicting types for built-in function 'memset' [enabled by default]
 char memset ();
      ^
configure:17095: $? = 0
configure:17095: result: yes
configure:17095: checking for memmove
configure:17095: gcc -o conftest -g -O2   conftest.c -lm  >&5
conftest.c:77:6: warning: conflicting types for built-in function 'memmove' [enabled by default]
 char memmove ();
      ^
configure:17095: $? = 0
configure:17095: result: yes
configure:17095: checking for erand48
configure:17095: result: yes
configure:17105: checking for an ANSI C-conforming const
configure:17171: gcc -c -g -O2  conftest.c >&5
configure:17171: $? = 0
configure:17178: result: yes
configure:17186: checking for size_t
configure:17186: gcc -c -g -O2  conftest.c >&5
configure:17186: $? = 0
configure:17186: gcc -c -g -O2  conftest.c >&5
conftest.c: In function 'main':
conftest.c:92:21: error: expected expression before ')' token
 if (sizeof ((size_t)))
                     ^
configure:17186: $? = 1
configure: failed program was:
| /* confdefs.h */
| #define PACKAGE_NAME "ViennaRNA"
| #define PACKAGE_TARNAME "ViennaRNA"
| #define PACKAGE_VERSION "2.2.4"
| #define PACKAGE_STRING "ViennaRNA 2.2.4"
| #define PACKAGE_BUGREPORT "rna@tbi.univie.ac.at"
| #define PACKAGE_URL "http://www.tbi.univie.ac.at/RNA"
| #define PACKAGE "ViennaRNA"
| #define VERSION "2.2.4"
| #define UNUSED __attribute__ ((unused))
| #define STDC_HEADERS 1
| #define HAVE_SYS_TYPES_H 1
| #define HAVE_SYS_STAT_H 1
| #define HAVE_STDLIB_H 1
| #define HAVE_STRING_H 1
| #define HAVE_MEMORY_H 1
| #define HAVE_STRINGS_H 1
| #define HAVE_INTTYPES_H 1
| #define HAVE_STDINT_H 1
| #define HAVE_UNISTD_H 1
| #define HAVE_DLFCN_H 1
| #define LT_OBJDIR ".libs/"
| #define HAVE_LIBM 1
| #define STDC_HEADERS 1
| #define HAVE__BOOL 1
| #define HAVE_STDBOOL_H 1
| #define HAVE_MALLOC_H 1
| #define HAVE_FLOAT_H 1
| #define HAVE_LIMITS_H 1
| #define HAVE_STDLIB_H 1
| #define HAVE_STRING_H 1
| #define HAVE_STRINGS_H 1
| #define HAVE_UNISTD_H 1
| #define HAVE_UNISTD_H 1
| #define HAVE_MATH_H 1
| #define HAVE_STDLIB_H 1
| #define HAVE_MALLOC 1
| #define HAVE_STDLIB_H 1
| #define HAVE_REALLOC 1
| #define HAVE_FLOOR 1
| #define HAVE_STRDUP 1
| #define HAVE_STRSTR 1
| #define HAVE_STRCHR 1
| #define HAVE_STRRCHR 1
| #define HAVE_STRSTR 1
| #define HAVE_STRTOL 1
| #define HAVE_STRTOUL 1
| #define HAVE_POW 1
| #define HAVE_RINT 1
| #define HAVE_SQRT 1
| #define HAVE_ERAND48 1
| #define HAVE_MEMSET 1
| #define HAVE_MEMMOVE 1
| #define HAVE_ERAND48 1
| /* end confdefs.h.  */
| #include <stdio.h>
| #ifdef HAVE_SYS_TYPES_H
| # include <sys/types.h>
| #endif
| #ifdef HAVE_SYS_STAT_H
| # include <sys/stat.h>
| #endif
| #ifdef STDC_HEADERS
| # include <stdlib.h>
| # include <stddef.h>
| #else
| # ifdef HAVE_STDLIB_H
| #  include <stdlib.h>
| # endif
| #endif
| #ifdef HAVE_STRING_H
| # if !defined STDC_HEADERS && defined HAVE_MEMORY_H
| #  include <memory.h>
| # endif
| # include <string.h>
| #endif
| #ifdef HAVE_STRINGS_H
| # include <strings.h>
| #endif
| #ifdef HAVE_INTTYPES_H
| # include <inttypes.h>
| #endif
| #ifdef HAVE_STDINT_H
| # include <stdint.h>
| #endif
| #ifdef HAVE_UNISTD_H
| # include <unistd.h>
| #endif
| int
| main ()
| {
| if (sizeof ((size_t)))
| 	    return 0;
|   ;
|   return 0;
| }
configure:17186: result: yes
configure:17197: checking for inline
configure:17213: gcc -c -g -O2  conftest.c >&5
configure:17213: $? = 0
configure:17221: result: inline
configure:17296: checking for pkg-config
configure:17314: found /usr/bin/pkg-config
configure:17326: result: /usr/bin/pkg-config
configure:17351: checking pkg-config is at least version 0.9.0
configure:17354: result: yes
configure:17364: checking for C compiler vendor
configure:17411: gcc -c -g -O2  conftest.c >&5
conftest.c: In function 'main':
conftest.c:62:9: error: 'thisisanerror' undeclared (first use in this function)
         thisisanerror;
         ^
conftest.c:62:9: note: each undeclared identifier is reported only once for each function it appears in
configure:17411: $? = 1
configure: failed program was:
| /* confdefs.h */
| #define PACKAGE_NAME "ViennaRNA"
| #define PACKAGE_TARNAME "ViennaRNA"
| #define PACKAGE_VERSION "2.2.4"
| #define PACKAGE_STRING "ViennaRNA 2.2.4"
| #define PACKAGE_BUGREPORT "rna@tbi.univie.ac.at"
| #define PACKAGE_URL "http://www.tbi.univie.ac.at/RNA"
| #define PACKAGE "ViennaRNA"
| #define VERSION "2.2.4"
| #define UNUSED __attribute__ ((unused))
| #define STDC_HEADERS 1
| #define HAVE_SYS_TYPES_H 1
| #define HAVE_SYS_STAT_H 1
| #define HAVE_STDLIB_H 1
| #define HAVE_STRING_H 1
| #define HAVE_MEMORY_H 1
| #define HAVE_STRINGS_H 1
| #define HAVE_INTTYPES_H 1
| #define HAVE_STDINT_H 1
| #define HAVE_UNISTD_H 1
| #define HAVE_DLFCN_H 1
| #define LT_OBJDIR ".libs/"
| #define HAVE_LIBM 1
| #define STDC_HEADERS 1
| #define HAVE__BOOL 1
| #define HAVE_STDBOOL_H 1
| #define HAVE_MALLOC_H 1
| #define HAVE_FLOAT_H 1
| #define HAVE_LIMITS_H 1
| #define HAVE_STDLIB_H 1
| #define HAVE_STRING_H 1
| #define HAVE_STRINGS_H 1
| #define HAVE_UNISTD_H 1
| #define HAVE_UNISTD_H 1
| #define HAVE_MATH_H 1
| #define HAVE_STDLIB_H 1
| #define HAVE_MALLOC 1
| #define HAVE_STDLIB_H 1
| #define HAVE_REALLOC 1
| #define HAVE_FLOOR 1
| #define HAVE_STRDUP 1
| #define HAVE_STRSTR 1
| #define HAVE_STRCHR 1
| #define HAVE_STRRCHR 1
| #define HAVE_STRSTR 1
| #define HAVE_STRTOL 1
| #define HAVE_STRTOUL 1
| #define HAVE_POW 1
| #define HAVE_RINT 1
| #define HAVE_SQRT 1
| #define HAVE_ERAND48 1
| #define HAVE_MEMSET 1
| #define HAVE_MEMMOVE 1
| #define HAVE_ERAND48 1
| /* end confdefs.h.  */
| 
| int
| main ()
| {
| 
|       #if !(defined(__ICC) || defined(__ECC) || defined(__INTEL_COMPILER))
|         thisisanerror;
|       #endif
| 
|   ;
|   return 0;
| }
configure:17411: gcc -c -g -O2  conftest.c >&5
conftest.c: In function 'main':
conftest.c:62:9: error: 'thisisanerror' undeclared (first use in this function)
         thisisanerror;
         ^
conftest.c:62:9: note: each undeclared identifier is reported only once for each function it appears in
configure:17411: $? = 1
configure: failed program was:
| /* confdefs.h */
| #define PACKAGE_NAME "ViennaRNA"
| #define PACKAGE_TARNAME "ViennaRNA"
| #define PACKAGE_VERSION "2.2.4"
| #define PACKAGE_STRING "ViennaRNA 2.2.4"
| #define PACKAGE_BUGREPORT "rna@tbi.univie.ac.at"
| #define PACKAGE_URL "http://www.tbi.univie.ac.at/RNA"
| #define PACKAGE "ViennaRNA"
| #define VERSION "2.2.4"
| #define UNUSED __attribute__ ((unused))
| #define STDC_HEADERS 1
| #define HAVE_SYS_TYPES_H 1
| #define HAVE_SYS_STAT_H 1
| #define HAVE_STDLIB_H 1
| #define HAVE_STRING_H 1
| #define HAVE_MEMORY_H 1
| #define HAVE_STRINGS_H 1
| #define HAVE_INTTYPES_H 1
| #define HAVE_STDINT_H 1
| #define HAVE_UNISTD_H 1
| #define HAVE_DLFCN_H 1
| #define LT_OBJDIR ".libs/"
| #define HAVE_LIBM 1
| #define STDC_HEADERS 1
| #define HAVE__BOOL 1
| #define HAVE_STDBOOL_H 1
| #define HAVE_MALLOC_H 1
| #define HAVE_FLOAT_H 1
| #define HAVE_LIMITS_H 1
| #define HAVE_STDLIB_H 1
| #define HAVE_STRING_H 1
| #define HAVE_STRINGS_H 1
| #define HAVE_UNISTD_H 1
| #define HAVE_UNISTD_H 1
| #define HAVE_MATH_H 1
| #define HAVE_STDLIB_H 1
| #define HAVE_MALLOC 1
| #define HAVE_STDLIB_H 1
| #define HAVE_REALLOC 1
| #define HAVE_FLOOR 1
| #define HAVE_STRDUP 1
| #define HAVE_STRSTR 1
| #define HAVE_STRCHR 1
| #define HAVE_STRRCHR 1
| #define HAVE_STRSTR 1
| #define HAVE_STRTOL 1
| #define HAVE_STRTOUL 1
| #define HAVE_POW 1
| #define HAVE_RINT 1
| #define HAVE_SQRT 1
| #define HAVE_ERAND48 1
| #define HAVE_MEMSET 1
| #define HAVE_MEMMOVE 1
| #define HAVE_ERAND48 1
| /* end confdefs.h.  */
| 
| int
| main ()
| {
| 
|       #if !(defined(__xlc__) || defined(__xlC__) || defined(__IBMC__) || defined(__IBMCPP__))
|         thisisanerror;
|       #endif
| 
|   ;
|   return 0;
| }
configure:17411: gcc -c -g -O2  conftest.c >&5
conftest.c: In function 'main':
conftest.c:62:9: error: 'thisisanerror' undeclared (first use in this function)
         thisisanerror;
         ^
conftest.c:62:9: note: each undeclared identifier is reported only once for each function it appears in
configure:17411: $? = 1
configure: failed program was:
| /* confdefs.h */
| #define PACKAGE_NAME "ViennaRNA"
| #define PACKAGE_TARNAME "ViennaRNA"
| #define PACKAGE_VERSION "2.2.4"
| #define PACKAGE_STRING "ViennaRNA 2.2.4"
| #define PACKAGE_BUGREPORT "rna@tbi.univie.ac.at"
| #define PACKAGE_URL "http://www.tbi.univie.ac.at/RNA"
| #define PACKAGE "ViennaRNA"
| #define VERSION "2.2.4"
| #define UNUSED __attribute__ ((unused))
| #define STDC_HEADERS 1
| #define HAVE_SYS_TYPES_H 1
| #define HAVE_SYS_STAT_H 1
| #define HAVE_STDLIB_H 1
| #define HAVE_STRING_H 1
| #define HAVE_MEMORY_H 1
| #define HAVE_STRINGS_H 1
| #define HAVE_INTTYPES_H 1
| #define HAVE_STDINT_H 1
| #define HAVE_UNISTD_H 1
| #define HAVE_DLFCN_H 1
| #define LT_OBJDIR ".libs/"
| #define HAVE_LIBM 1
| #define STDC_HEADERS 1
| #define HAVE__BOOL 1
| #define HAVE_STDBOOL_H 1
| #define HAVE_MALLOC_H 1
| #define HAVE_FLOAT_H 1
| #define HAVE_LIMITS_H 1
| #define HAVE_STDLIB_H 1
| #define HAVE_STRING_H 1
| #define HAVE_STRINGS_H 1
| #define HAVE_UNISTD_H 1
| #define HAVE_UNISTD_H 1
| #define HAVE_MATH_H 1
| #define HAVE_STDLIB_H 1
| #define HAVE_MALLOC 1
| #define HAVE_STDLIB_H 1
| #define HAVE_REALLOC 1
| #define HAVE_FLOOR 1
| #define HAVE_STRDUP 1
| #define HAVE_STRSTR 1
| #define HAVE_STRCHR 1
| #define HAVE_STRRCHR 1
| #define HAVE_STRSTR 1
| #define HAVE_STRTOL 1
| #define HAVE_STRTOUL 1
| #define HAVE_POW 1
| #define HAVE_RINT 1
| #define HAVE_SQRT 1
| #define HAVE_ERAND48 1
| #define HAVE_MEMSET 1
| #define HAVE_MEMMOVE 1
| #define HAVE_ERAND48 1
| /* end confdefs.h.  */
| 
| int
| main ()
| {
| 
|       #if !(defined(__PATHCC__) || defined(__PATHSCALE__))
|         thisisanerror;
|       #endif
| 
|   ;
|   return 0;
| }
configure:17411: gcc -c -g -O2  conftest.c >&5
conftest.c: In function 'main':
conftest.c:62:9: error: 'thisisanerror' undeclared (first use in this function)
         thisisanerror;
         ^
conftest.c:62:9: note: each undeclared identifier is reported only once for each function it appears in
configure:17411: $? = 1
configure: failed program was:
| /* confdefs.h */
| #define PACKAGE_NAME "ViennaRNA"
| #define PACKAGE_TARNAME "ViennaRNA"
| #define PACKAGE_VERSION "2.2.4"
| #define PACKAGE_STRING "ViennaRNA 2.2.4"
| #define PACKAGE_BUGREPORT "rna@tbi.univie.ac.at"
| #define PACKAGE_URL "http://www.tbi.univie.ac.at/RNA"
| #define PACKAGE "ViennaRNA"
| #define VERSION "2.2.4"
| #define UNUSED __attribute__ ((unused))
| #define STDC_HEADERS 1
| #define HAVE_SYS_TYPES_H 1
| #define HAVE_SYS_STAT_H 1
| #define HAVE_STDLIB_H 1
| #define HAVE_STRING_H 1
| #define HAVE_MEMORY_H 1
| #define HAVE_STRINGS_H 1
| #define HAVE_INTTYPES_H 1
| #define HAVE_STDINT_H 1
| #define HAVE_UNISTD_H 1
| #define HAVE_DLFCN_H 1
| #define LT_OBJDIR ".libs/"
| #define HAVE_LIBM 1
| #define STDC_HEADERS 1
| #define HAVE__BOOL 1
| #define HAVE_STDBOOL_H 1
| #define HAVE_MALLOC_H 1
| #define HAVE_FLOAT_H 1
| #define HAVE_LIMITS_H 1
| #define HAVE_STDLIB_H 1
| #define HAVE_STRING_H 1
| #define HAVE_STRINGS_H 1
| #define HAVE_UNISTD_H 1
| #define HAVE_UNISTD_H 1
| #define HAVE_MATH_H 1
| #define HAVE_STDLIB_H 1
| #define HAVE_MALLOC 1
| #define HAVE_STDLIB_H 1
| #define HAVE_REALLOC 1
| #define HAVE_FLOOR 1
| #define HAVE_STRDUP 1
| #define HAVE_STRSTR 1
| #define HAVE_STRCHR 1
| #define HAVE_STRRCHR 1
| #define HAVE_STRSTR 1
| #define HAVE_STRTOL 1
| #define HAVE_STRTOUL 1
| #define HAVE_POW 1
| #define HAVE_RINT 1
| #define HAVE_SQRT 1
| #define HAVE_ERAND48 1
| #define HAVE_MEMSET 1
| #define HAVE_MEMMOVE 1
| #define HAVE_ERAND48 1
| /* end confdefs.h.  */
| 
| int
| main ()
| {
| 
|       #if !(defined(__clang__))
|         thisisanerror;
|       #endif
| 
|   ;
|   return 0;
| }
configure:17411: gcc -c -g -O2  conftest.c >&5
conftest.c: In function 'main':
conftest.c:62:9: error: 'thisisanerror' undeclared (first use in this function)
         thisisanerror;
         ^
conftest.c:62:9: note: each undeclared identifier is reported only once for each function it appears in
configure:17411: $? = 1
configure: failed program was:
| /* confdefs.h */
| #define PACKAGE_NAME "ViennaRNA"
| #define PACKAGE_TARNAME "ViennaRNA"
| #define PACKAGE_VERSION "2.2.4"
| #define PACKAGE_STRING "ViennaRNA 2.2.4"
| #define PACKAGE_BUGREPORT "rna@tbi.univie.ac.at"
| #define PACKAGE_URL "http://www.tbi.univie.ac.at/RNA"
| #define PACKAGE "ViennaRNA"
| #define VERSION "2.2.4"
| #define UNUSED __attribute__ ((unused))
| #define STDC_HEADERS 1
| #define HAVE_SYS_TYPES_H 1
| #define HAVE_SYS_STAT_H 1
| #define HAVE_STDLIB_H 1
| #define HAVE_STRING_H 1
| #define HAVE_MEMORY_H 1
| #define HAVE_STRINGS_H 1
| #define HAVE_INTTYPES_H 1
| #define HAVE_STDINT_H 1
| #define HAVE_UNISTD_H 1
| #define HAVE_DLFCN_H 1
| #define LT_OBJDIR ".libs/"
| #define HAVE_LIBM 1
| #define STDC_HEADERS 1
| #define HAVE__BOOL 1
| #define HAVE_STDBOOL_H 1
| #define HAVE_MALLOC_H 1
| #define HAVE_FLOAT_H 1
| #define HAVE_LIMITS_H 1
| #define HAVE_STDLIB_H 1
| #define HAVE_STRING_H 1
| #define HAVE_STRINGS_H 1
| #define HAVE_UNISTD_H 1
| #define HAVE_UNISTD_H 1
| #define HAVE_MATH_H 1
| #define HAVE_STDLIB_H 1
| #define HAVE_MALLOC 1
| #define HAVE_STDLIB_H 1
| #define HAVE_REALLOC 1
| #define HAVE_FLOOR 1
| #define HAVE_STRDUP 1
| #define HAVE_STRSTR 1
| #define HAVE_STRCHR 1
| #define HAVE_STRRCHR 1
| #define HAVE_STRSTR 1
| #define HAVE_STRTOL 1
| #define HAVE_STRTOUL 1
| #define HAVE_POW 1
| #define HAVE_RINT 1
| #define HAVE_SQRT 1
| #define HAVE_ERAND48 1
| #define HAVE_MEMSET 1
| #define HAVE_MEMMOVE 1
| #define HAVE_ERAND48 1
| /* end confdefs.h.  */
| 
| int
| main ()
| {
| 
|       #if !(defined(_CRAYC))
|         thisisanerror;
|       #endif
| 
|   ;
|   return 0;
| }
configure:17411: gcc -c -g -O2  conftest.c >&5
conftest.c: In function 'main':
conftest.c:62:9: error: 'thisisanerror' undeclared (first use in this function)
         thisisanerror;
         ^
conftest.c:62:9: note: each undeclared identifier is reported only once for each function it appears in
configure:17411: $? = 1
configure: failed program was:
| /* confdefs.h */
| #define PACKAGE_NAME "ViennaRNA"
| #define PACKAGE_TARNAME "ViennaRNA"
| #define PACKAGE_VERSION "2.2.4"
| #define PACKAGE_STRING "ViennaRNA 2.2.4"
| #define PACKAGE_BUGREPORT "rna@tbi.univie.ac.at"
| #define PACKAGE_URL "http://www.tbi.univie.ac.at/RNA"
| #define PACKAGE "ViennaRNA"
| #define VERSION "2.2.4"
| #define UNUSED __attribute__ ((unused))
| #define STDC_HEADERS 1
| #define HAVE_SYS_TYPES_H 1
| #define HAVE_SYS_STAT_H 1
| #define HAVE_STDLIB_H 1
| #define HAVE_STRING_H 1
| #define HAVE_MEMORY_H 1
| #define HAVE_STRINGS_H 1
| #define HAVE_INTTYPES_H 1
| #define HAVE_STDINT_H 1
| #define HAVE_UNISTD_H 1
| #define HAVE_DLFCN_H 1
| #define LT_OBJDIR ".libs/"
| #define HAVE_LIBM 1
| #define STDC_HEADERS 1
| #define HAVE__BOOL 1
| #define HAVE_STDBOOL_H 1
| #define HAVE_MALLOC_H 1
| #define HAVE_FLOAT_H 1
| #define HAVE_LIMITS_H 1
| #define HAVE_STDLIB_H 1
| #define HAVE_STRING_H 1
| #define HAVE_STRINGS_H 1
| #define HAVE_UNISTD_H 1
| #define HAVE_UNISTD_H 1
| #define HAVE_MATH_H 1
| #define HAVE_STDLIB_H 1
| #define HAVE_MALLOC 1
| #define HAVE_STDLIB_H 1
| #define HAVE_REALLOC 1
| #define HAVE_FLOOR 1
| #define HAVE_STRDUP 1
| #define HAVE_STRSTR 1
| #define HAVE_STRCHR 1
| #define HAVE_STRRCHR 1
| #define HAVE_STRSTR 1
| #define HAVE_STRTOL 1
| #define HAVE_STRTOUL 1
| #define HAVE_POW 1
| #define HAVE_RINT 1
| #define HAVE_SQRT 1
| #define HAVE_ERAND48 1
| #define HAVE_MEMSET 1
| #define HAVE_MEMMOVE 1
| #define HAVE_ERAND48 1
| /* end confdefs.h.  */
| 
| int
| main ()
| {
| 
|       #if !(defined(__FUJITSU))
|         thisisanerror;
|       #endif
| 
|   ;
|   return 0;
| }
configure:17411: gcc -c -g -O2  conftest.c >&5
configure:17411: $? = 0
configure:17419: result: gnu
configure:17429: checking for perl
configure:17447: found /usr/bin/perl
configure:17459: result: /usr/bin/perl
configure:17521: checking whether C compiler accepts -flto
configure:17540: gcc -c -g -O2  -flto  conftest.c >&5
configure:17540: $? = 0
configure:17548: result: yes
configure:17745: WARNING: Trying to re-set ar/ranlib/nm to compiler specific wrappers
configure:17793: checking for gcc-ar
configure:17809: found /home/milad/anaconda2/bin/gcc-ar
configure:17820: result: gcc-ar
configure:17885: checking for gcc-ranlib
configure:17901: found /home/milad/anaconda2/bin/gcc-ranlib
configure:17912: result: gcc-ranlib
configure:17977: checking for gcc-nm
configure:17993: found /home/milad/anaconda2/bin/gcc-nm
configure:18004: result: gcc-nm
configure:18050: : LDFLAGS="$LDFLAGS"
configure:18053: $? = 0
configure:18541: : CFLAGS="$CFLAGS"
configure:18544: $? = 0
configure:18573: : CXXFLAGS="$CXXFLAGS"
configure:18576: $? = 0
configure:18647: checking for ./src/libsvm-3.20/svm.cpp
configure:18650: result: yes
configure:18647: checking for ./src/libsvm-3.20/svm.h
configure:18650: result: yes
configure:18711: checking for ./src/json/json.c
configure:18714: result: yes
configure:18711: checking for ./src/json/json.h
configure:18714: result: yes
configure:18796: checking for cblas_dgemm in -lgslcblas
configure:18821: gcc -o conftest -g -O2 -flto   -flto conftest.c -lgslcblas  -lm  >&5
/usr/bin/ld: cannot find -lgslcblas
collect2: error: ld returned 1 exit status
configure:18821: $? = 1
configure: failed program was:
| /* confdefs.h */
| #define PACKAGE_NAME "ViennaRNA"
| #define PACKAGE_TARNAME "ViennaRNA"
| #define PACKAGE_VERSION "2.2.4"
| #define PACKAGE_STRING "ViennaRNA 2.2.4"
| #define PACKAGE_BUGREPORT "rna@tbi.univie.ac.at"
| #define PACKAGE_URL "http://www.tbi.univie.ac.at/RNA"
| #define PACKAGE "ViennaRNA"
| #define VERSION "2.2.4"
| #define UNUSED __attribute__ ((unused))
| #define STDC_HEADERS 1
| #define HAVE_SYS_TYPES_H 1
| #define HAVE_SYS_STAT_H 1
| #define HAVE_STDLIB_H 1
| #define HAVE_STRING_H 1
| #define HAVE_MEMORY_H 1
| #define HAVE_STRINGS_H 1
| #define HAVE_INTTYPES_H 1
| #define HAVE_STDINT_H 1
| #define HAVE_UNISTD_H 1
| #define HAVE_DLFCN_H 1
| #define LT_OBJDIR ".libs/"
| #define HAVE_LIBM 1
| #define STDC_HEADERS 1
| #define HAVE__BOOL 1
| #define HAVE_STDBOOL_H 1
| #define HAVE_MALLOC_H 1
| #define HAVE_FLOAT_H 1
| #define HAVE_LIMITS_H 1
| #define HAVE_STDLIB_H 1
| #define HAVE_STRING_H 1
| #define HAVE_STRINGS_H 1
| #define HAVE_UNISTD_H 1
| #define HAVE_UNISTD_H 1
| #define HAVE_MATH_H 1
| #define HAVE_STDLIB_H 1
| #define HAVE_MALLOC 1
| #define HAVE_STDLIB_H 1
| #define HAVE_REALLOC 1
| #define HAVE_FLOOR 1
| #define HAVE_STRDUP 1
| #define HAVE_STRSTR 1
| #define HAVE_STRCHR 1
| #define HAVE_STRRCHR 1
| #define HAVE_STRSTR 1
| #define HAVE_STRTOL 1
| #define HAVE_STRTOUL 1
| #define HAVE_POW 1
| #define HAVE_RINT 1
| #define HAVE_SQRT 1
| #define HAVE_ERAND48 1
| #define HAVE_MEMSET 1
| #define HAVE_MEMMOVE 1
| #define HAVE_ERAND48 1
| #define USE_SVM 1
| #define WITH_JSON_SUPPORT 1
| /* end confdefs.h.  */
| 
| /* Override any GCC internal prototype to avoid an error.
|    Use char because int might match the return type of a GCC
|    builtin and then its argument prototype would still apply.  */
| #ifdef __cplusplus
| extern "C"
| #endif
| char cblas_dgemm ();
| int
| main ()
| {
| return cblas_dgemm ();
|   ;
|   return 0;
| }
configure:18830: result: no
configure:18841: checking for gsl_blas_dgemm in -lgsl
configure:18866: gcc -o conftest -g -O2 -flto   -flto conftest.c -lgsl  -lm  >&5
/usr/bin/ld: cannot find -lgsl
collect2: error: ld returned 1 exit status
configure:18866: $? = 1
configure: failed program was:
| /* confdefs.h */
| #define PACKAGE_NAME "ViennaRNA"
| #define PACKAGE_TARNAME "ViennaRNA"
| #define PACKAGE_VERSION "2.2.4"
| #define PACKAGE_STRING "ViennaRNA 2.2.4"
| #define PACKAGE_BUGREPORT "rna@tbi.univie.ac.at"
| #define PACKAGE_URL "http://www.tbi.univie.ac.at/RNA"
| #define PACKAGE "ViennaRNA"
| #define VERSION "2.2.4"
| #define UNUSED __attribute__ ((unused))
| #define STDC_HEADERS 1
| #define HAVE_SYS_TYPES_H 1
| #define HAVE_SYS_STAT_H 1
| #define HAVE_STDLIB_H 1
| #define HAVE_STRING_H 1
| #define HAVE_MEMORY_H 1
| #define HAVE_STRINGS_H 1
| #define HAVE_INTTYPES_H 1
| #define HAVE_STDINT_H 1
| #define HAVE_UNISTD_H 1
| #define HAVE_DLFCN_H 1
| #define LT_OBJDIR ".libs/"
| #define HAVE_LIBM 1
| #define STDC_HEADERS 1
| #define HAVE__BOOL 1
| #define HAVE_STDBOOL_H 1
| #define HAVE_MALLOC_H 1
| #define HAVE_FLOAT_H 1
| #define HAVE_LIMITS_H 1
| #define HAVE_STDLIB_H 1
| #define HAVE_STRING_H 1
| #define HAVE_STRINGS_H 1
| #define HAVE_UNISTD_H 1
| #define HAVE_UNISTD_H 1
| #define HAVE_MATH_H 1
| #define HAVE_STDLIB_H 1
| #define HAVE_MALLOC 1
| #define HAVE_STDLIB_H 1
| #define HAVE_REALLOC 1
| #define HAVE_FLOOR 1
| #define HAVE_STRDUP 1
| #define HAVE_STRSTR 1
| #define HAVE_STRCHR 1
| #define HAVE_STRRCHR 1
| #define HAVE_STRSTR 1
| #define HAVE_STRTOL 1
| #define HAVE_STRTOUL 1
| #define HAVE_POW 1
| #define HAVE_RINT 1
| #define HAVE_SQRT 1
| #define HAVE_ERAND48 1
| #define HAVE_MEMSET 1
| #define HAVE_MEMMOVE 1
| #define HAVE_ERAND48 1
| #define USE_SVM 1
| #define WITH_JSON_SUPPORT 1
| /* end confdefs.h.  */
| 
| /* Override any GCC internal prototype to avoid an error.
|    Use char because int might match the return type of a GCC
|    builtin and then its argument prototype would still apply.  */
| #ifdef __cplusplus
| extern "C"
| #endif
| char gsl_blas_dgemm ();
| int
| main ()
| {
| return gsl_blas_dgemm ();
|   ;
|   return 0;
| }
configure:18875: result: no
configure:18888: WARNING: "Can't find libgsl. Falling back to default implementation."
configure:19106: checking for ./src/Kinfold/Makefile.am
configure:19109: result: yes
configure:19164: checking for ./src/RNAforester/Makefile.am
configure:19167: result: yes
configure:19295: checking for ./interfaces/Makefile.am
configure:19298: result: yes
configure:19322: checking for swig
configure:19355: result: no
configure:19322: checking for swig2.0
configure:19355: result: no
configure:19459: checking for ./interfaces/Perl/Makefile.am
configure:19462: result: yes
configure:19486: checking for ./interfaces/Perl/RNA_wrap.c
configure:19489: result: yes
configure:19501: checking for ./interfaces/Perl/RNA.pm
configure:19504: result: yes
configure:19531: checking for /usr/bin/perl
configure:19561: result: /usr/bin/perl
configure:19579: checking for Perl prefix
configure:19584: result: /usr
configure:19592: checking for Perl siteprefix
configure:19597: result: /usr/local
configure:19605: checking for Perl vendorprefix
configure:19610: result: /usr
configure:19618: checking for Perl extension include path
configure:19623: result: /usr/lib/perl/5.18/CORE
configure:19631: checking for Perl extension target directory
configure:19636: result: /usr/local/lib/perl/5.18.2
configure:19645: checking for architecture dependent Perl extension site target directory
configure:19650: result: /usr/local/lib/perl/5.18.2
configure:19658: checking for architecture dependent Perl extension vendor target directory
configure:19663: result: /usr/lib/perl5
configure:19671: checking for architecture independent Perl extension site target directory
configure:19676: result: /usr/local/share/perl/5.18.2
configure:19684: checking for architecture independent Perl extension vendor target directory
configure:19689: result: /usr/share/perl5
configure:19697: checking for Perl extensions C preprocessor flags
configure:19702: result: -D_REENTRANT -D_GNU_SOURCE -DDEBIAN -fstack-protector -fno-strict-aliasing -pipe -I/usr/local/include
configure:19710: checking for Perl extensions linker flags
configure:19723: result: -shared -L/usr/local/lib -fstack-protector
configure:19731: checking for Perl dynamic library extension
configure:19736: result: .so
configure:19747: checking for perl
configure:19774: result: /usr/bin/perl
configure:19782: checking for perl module ExtUtils::Embed
configure:19786: result: yes
configure:19798: checking for perl ccopts embed flags
configure:19802: result:  -D_REENTRANT -D_GNU_SOURCE -DDEBIAN -fstack-protector -fno-strict-aliasing -pipe -I/usr/local/include -D_LARGEFILE_SOURCE -D_FILE_OFFSET_BITS=64  -I/usr/lib/perl/5.18/CORE 
configure:19805: checking for perl ldopts embed flags
configure:19809: result: -Wl,-E  -fstack-protector -L/usr/local/lib  -L/usr/lib/perl/5.18/CORE -lperl -ldl -lm -lpthread -lc -lcrypt
configure:19882: checking for ./interfaces/Python/Makefile.am
configure:19885: result: yes
configure:19909: checking for ./interfaces/Python/RNA_wrap.c
configure:19912: result: yes
configure:19924: checking for ./interfaces/Python/RNA.py
configure:19927: result: yes
configure:19952: checking for python
configure:19970: found /home/milad/anaconda2/bin/python
configure:19982: result: /home/milad/anaconda2/bin/python
configure:19998: checking for a version of Python >= '2.1.0'
configure:20024: result: yes
configure:20032: checking for a version of Python < '3.0.0'
configure:20038: result: yes
configure:20055: checking for the distutils Python package
configure:20059: result: yes
configure:20073: checking for Python include path
configure:20089: result: -I/home/milad/anaconda2/include/python2.7
configure:20096: checking for Python library path
configure:20173: result: -L/home/milad/anaconda2/lib -lpython2.7
configure:20180: checking for Python site-packages path
configure:20186: result: /home/milad/anaconda2/lib/python2.7/site-packages
configure:20193: checking for Python site-packages extension modules path
configure:20199: result: /home/milad/anaconda2/lib/python2.7/site-packages
configure:20206: checking python extra libraries
configure:20213: result: -lpthread -ldl  -lutil -lm
configure:20220: checking python extra linking flags
configure:20227: result: -Xlinker -export-dynamic
configure:20234: checking consistency of all components of python development environment
configure:20262: gcc -o conftest -g -O2 -flto  -I/home/milad/anaconda2/include/python2.7  -flto -lpthread -ldl  -lutil -lm conftest.c -lm  -L/home/milad/anaconda2/lib -lpython2.7 -Xlinker -export-dynamic -Xlinker -export-dynamic >&5
configure:20262: $? = 0
configure:20280: result: yes
configure:20368: checking for python version
configure:20375: result: 2.7
configure:20387: checking for python platform
configure:20394: result: linux2
configure:20420: checking for python script directory
configure:20455: result: ${prefix}/lib/python2.7/site-packages
configure:20464: checking for python extension module directory
configure:20499: result: ${exec_prefix}/lib/python2.7/site-packages
configure:20680: checking for doxygen
configure:20698: found /usr/bin/doxygen
configure:20711: result: /usr/bin/doxygen
configure:20721: checking for pdflatex
configure:20739: found /usr/bin/pdflatex
configure:20752: result: /usr/bin/pdflatex
configure:20762: checking for latex
configure:20780: found /usr/bin/latex
configure:20793: result: /usr/bin/latex
configure:20803: checking for makeindex
configure:20821: found /usr/bin/makeindex
configure:20834: result: /usr/bin/makeindex
configure:20844: checking for dot
configure:20862: found /usr/bin/dot
configure:20875: result: /usr/bin/dot
configure:20885: checking for egrep
configure:20903: found /bin/egrep
configure:20916: result: /bin/egrep
configure:20926: checking for perl
configure:20944: found /usr/bin/perl
configure:20957: result: /usr/bin/perl
configure:21006: WARNING: due to a bug in older versions of doxygen, latex will be used for reference manual generation even if pdflatex is available
configure:21261: checking for CHECK
configure:21268: $PKG_CONFIG --exists --print-errors "check >= 0.9.4"
Package check was not found in the pkg-config search path.
Perhaps you should add the directory containing `check.pc'
to the PKG_CONFIG_PATH environment variable
No package 'check' found
configure:21271: $? = 1
configure:21285: $PKG_CONFIG --exists --print-errors "check >= 0.9.4"
Package check was not found in the pkg-config search path.
Perhaps you should add the directory containing `check.pc'
to the PKG_CONFIG_PATH environment variable
No package 'check' found
configure:21288: $? = 1
configure:21302: result: no
No package 'check' found
configure:21319: WARNING: check not found -- will not build Unit tests
configure:21497: checking that generated files are newer than configure
configure:21503: result: done
configure:21578: creating ./config.status

## ---------------------- ##
## Running config.status. ##
## ---------------------- ##

This file was extended by ViennaRNA config.status 2.2.4, which was
generated by GNU Autoconf 2.69.  Invocation command line was

  CONFIG_FILES    = 
  CONFIG_HEADERS  = 
  CONFIG_LINKS    = 
  CONFIG_COMMANDS = 
  $ ./config.status 

on milad-Latitude

config.status:1325: creating interfaces/Perl/Makefile
config.status:1325: creating interfaces/Python/Makefile
config.status:1325: creating doc/doxygen.conf
config.status:1325: creating misc/Makefile
config.status:1325: creating interfaces/Makefile
config.status:1325: creating Makefile
config.status:1325: creating RNAlib2.pc
config.status:1325: creating src/Utils/Makefile
config.status:1325: creating src/bin/Makefile
config.status:1325: creating src/Makefile
config.status:1325: creating man/Makefile
config.status:1325: creating src/ViennaRNA/Makefile
config.status:1325: creating doc/Makefile
config.status:1325: creating man/cmdlopt.sh
config.status:1325: creating packaging/viennarna.spec
config.status:1325: creating packaging/PKGBUILD
config.status:1325: creating packaging/win_installer_archlinux_i686.nsi
config.status:1325: creating packaging/win_installer_archlinux_x86_64.nsi
config.status:1325: creating packaging/win_installer_fedora_i686.nsi
config.status:1325: creating packaging/win_installer_fedora_x86_64.nsi
config.status:1325: creating config.h
config.status:1554: executing depfiles commands
config.status:1554: executing libtool commands
configure:24075: === configuring in src/Kinfold (/home/milad/workspace/mmfold/src/Kinfold)
configure:24138: running /bin/bash ./configure --disable-option-checking '--prefix=/home/milad/software/mmfold'  'CFLAGS=-g -O2 -flto' 'CXXFLAGS=-g -O2 -flto' 'LDFLAGS=-flto' 'AR=gcc-ar' 'RANLIB=gcc-ranlib' 'NM=gcc-nm' --cache-file=/dev/null --srcdir=.
configure:24075: === configuring in src/RNAforester (/home/milad/workspace/mmfold/src/RNAforester)
configure:24138: running /bin/bash ./configure --disable-option-checking '--prefix=/home/milad/software/mmfold'  'CFLAGS=-g -O2 -flto' 'CXXFLAGS=-g -O2 -flto' 'LDFLAGS=-flto' 'AR=gcc-ar' 'RANLIB=gcc-ranlib' 'NM=gcc-nm' --cache-file=/dev/null --srcdir=.
configure:24242:

Configured successful with the following options:

RNAlib Scripting Interfaces:
  Perl Interface:           yes       
  Python Interface:         yes     

Extra Programs:
  Analyse{Dists,Seqs}:      no
  Kinfold:                  yes
  RNAforester:              yes

Other Options:
  SVM:                      yes
  JSON:                     yes
  GSL:                      no        (libgsl not found)
  Boustrophedon:            yes
  Generic Hard Constraints: no
  OpenMP:                   yes
  LTO:                      yes      
  Float Precision (PF):     no

Documentation:              yes
    (HTML):                 yes
    (PDF):                  yes

Unit Tests:
  check:                    no      (check framework not found)

-
Files will be installed in the following directories:

  Executables:      /home/milad/software/mmfold/bin
  Libraries:        /home/milad/software/mmfold/lib
  Header files:     /home/milad/software/mmfold/include
  Extra Data:       /home/milad/software/mmfold/share
  Man pages:        /home/milad/software/mmfold/share/man
  Documentation:    /home/milad/software/mmfold/share/doc/ViennaRNA
    (HTML):         /home/milad/software/mmfold/share/doc/ViennaRNA/html
    (PDF):          /home/milad/software/mmfold/share/doc/ViennaRNA
  Perl Interface:   
    (binaries):     /home/milad/software/mmfold/lib/perl/5.18.2
    (scripts):      /home/milad/software/mmfold/share/perl/5.18.2
  Python Interface: 
    (binaries):     /home/milad/software/mmfold/lib/python2.7/site-packages
    (scripts):      /home/milad/software/mmfold/lib/python2.7/site-packages


## ---------------- ##
## Cache variables. ##
## ---------------- ##

ac_cv_build=x86_64-unknown-linux-gnu
ac_cv_c_compiler_gnu=yes
ac_cv_c_const=yes
ac_cv_c_inline=inline
ac_cv_cxx_compiler_gnu=yes
ac_cv_env_CCC_set=
ac_cv_env_CCC_value=
ac_cv_env_CC_set=
ac_cv_env_CC_value=
ac_cv_env_CFLAGS_set=
ac_cv_env_CFLAGS_value=
ac_cv_env_CHECK_CFLAGS_set=
ac_cv_env_CHECK_CFLAGS_value=
ac_cv_env_CHECK_LIBS_set=
ac_cv_env_CHECK_LIBS_value=
ac_cv_env_CPPFLAGS_set=
ac_cv_env_CPPFLAGS_value=
ac_cv_env_CPP_set=
ac_cv_env_CPP_value=
ac_cv_env_CXXCPP_set=
ac_cv_env_CXXCPP_value=
ac_cv_env_CXXFLAGS_set=
ac_cv_env_CXXFLAGS_value=
ac_cv_env_CXX_set=
ac_cv_env_CXX_value=
ac_cv_env_LDFLAGS_set=
ac_cv_env_LDFLAGS_value=
ac_cv_env_LIBS_set=
ac_cv_env_LIBS_value=
ac_cv_env_LT_SYS_LIBRARY_PATH_set=
ac_cv_env_LT_SYS_LIBRARY_PATH_value=
ac_cv_env_PERL_EXT_CPPFLAGS_set=
ac_cv_env_PERL_EXT_CPPFLAGS_value=
ac_cv_env_PERL_EXT_DLEXT_set=
ac_cv_env_PERL_EXT_DLEXT_value=
ac_cv_env_PERL_EXT_INC_set=
ac_cv_env_PERL_EXT_INC_value=
ac_cv_env_PERL_EXT_LDFLAGS_set=
ac_cv_env_PERL_EXT_LDFLAGS_value=
ac_cv_env_PERL_EXT_LIB_set=
ac_cv_env_PERL_EXT_LIB_value=
ac_cv_env_PERL_EXT_PREFIX_set=
ac_cv_env_PERL_EXT_PREFIX_value=
ac_cv_env_PERL_EXT_SITEARCH_set=
ac_cv_env_PERL_EXT_SITEARCH_value=
ac_cv_env_PERL_EXT_SITELIB_set=
ac_cv_env_PERL_EXT_SITELIB_value=
ac_cv_env_PERL_EXT_SITEPREFIX_set=
ac_cv_env_PERL_EXT_SITEPREFIX_value=
ac_cv_env_PERL_EXT_VENDORARCH_set=
ac_cv_env_PERL_EXT_VENDORARCH_value=
ac_cv_env_PERL_EXT_VENDORLIB_set=
ac_cv_env_PERL_EXT_VENDORLIB_value=
ac_cv_env_PERL_EXT_VENDORPREFIX_set=
ac_cv_env_PERL_EXT_VENDORPREFIX_value=
ac_cv_env_PERL_set=
ac_cv_env_PERL_value=
ac_cv_env_PKG_CONFIG_LIBDIR_set=
ac_cv_env_PKG_CONFIG_LIBDIR_value=
ac_cv_env_PKG_CONFIG_PATH_set=
ac_cv_env_PKG_CONFIG_PATH_value=
ac_cv_env_PKG_CONFIG_set=
ac_cv_env_PKG_CONFIG_value=
ac_cv_env_PYTHON_VERSION_set=
ac_cv_env_PYTHON_VERSION_value=
ac_cv_env_PYTHON_set=
ac_cv_env_PYTHON_value=
ac_cv_env_USER_AR_set=
ac_cv_env_USER_AR_value=
ac_cv_env_USER_NM_set=
ac_cv_env_USER_NM_value=
ac_cv_env_USER_RANLIB_set=
ac_cv_env_USER_RANLIB_value=
ac_cv_env_build_alias_set=
ac_cv_env_build_alias_value=
ac_cv_env_host_alias_set=
ac_cv_env_host_alias_value=
ac_cv_env_target_alias_set=
ac_cv_env_target_alias_value=
ac_cv_func_erand48=yes
ac_cv_func_floor=yes
ac_cv_func_malloc_0_nonnull=yes
ac_cv_func_memmove=yes
ac_cv_func_memset=yes
ac_cv_func_pow=yes
ac_cv_func_realloc_0_nonnull=yes
ac_cv_func_rint=yes
ac_cv_func_sqrt=yes
ac_cv_func_strchr=yes
ac_cv_func_strdup=yes
ac_cv_func_strrchr=yes
ac_cv_func_strstr=yes
ac_cv_func_strtod=yes
ac_cv_func_strtol=yes
ac_cv_func_strtoul=yes
ac_cv_header_dlfcn_h=yes
ac_cv_header_float_h=yes
ac_cv_header_inttypes_h=yes
ac_cv_header_limits_h=yes
ac_cv_header_malloc_h=yes
ac_cv_header_math_h=yes
ac_cv_header_memory_h=yes
ac_cv_header_stdbool_h=yes
ac_cv_header_stdc=yes
ac_cv_header_stdint_h=yes
ac_cv_header_stdlib_h=yes
ac_cv_header_string_h=yes
ac_cv_header_strings_h=yes
ac_cv_header_sys_stat_h=yes
ac_cv_header_sys_types_h=yes
ac_cv_header_unistd_h=yes
ac_cv_host=x86_64-unknown-linux-gnu
ac_cv_lib_gsl_gsl_blas_dgemm=no
ac_cv_lib_gslcblas_cblas_dgemm=no
ac_cv_lib_m_exp=yes
ac_cv_objext=o
ac_cv_path_EGREP='/bin/grep -E'
ac_cv_path_FGREP='/bin/grep -F'
ac_cv_path_GREP=/bin/grep
ac_cv_path_PERL=/usr/bin/perl
ac_cv_path_PYTHON=/home/milad/anaconda2/bin/python
ac_cv_path_SED=/bin/sed
ac_cv_path_ac_pt_PKG_CONFIG=/usr/bin/pkg-config
ac_cv_path_dot=/usr/bin/dot
ac_cv_path_doxygen=/usr/bin/doxygen
ac_cv_path_egrep=/bin/egrep
ac_cv_path_install='/usr/bin/install -c'
ac_cv_path_latex=/usr/bin/latex
ac_cv_path_lt_DD=/bin/dd
ac_cv_path_makeindex=/usr/bin/makeindex
ac_cv_path_mkdir=/bin/mkdir
ac_cv_path_pdflatex=/usr/bin/pdflatex
ac_cv_path_perl=/usr/bin/perl
ac_cv_prog_AWK=gawk
ac_cv_prog_CPP='gcc -E'
ac_cv_prog_CXXCPP='g++ -E'
ac_cv_prog_PERL=/usr/bin/perl
ac_cv_prog_ac_ct_AR=ar
ac_cv_prog_ac_ct_CC=gcc
ac_cv_prog_ac_ct_CXX=g++
ac_cv_prog_ac_ct_MANIFEST_TOOL=mt
ac_cv_prog_ac_ct_OBJDUMP=objdump
ac_cv_prog_ac_ct_OUR_AR=gcc-ar
ac_cv_prog_ac_ct_OUR_NM=gcc-nm
ac_cv_prog_ac_ct_OUR_RANLIB=gcc-ranlib
ac_cv_prog_ac_ct_RANLIB=ranlib
ac_cv_prog_ac_ct_STRIP=strip
ac_cv_prog_c_openmp=-fopenmp
ac_cv_prog_cc_c89=
ac_cv_prog_cc_g=yes
ac_cv_prog_cxx_g=yes
ac_cv_prog_make_make_set=yes
ac_cv_type__Bool=yes
ac_cv_type_size_t=yes
am_cv_CC_dependencies_compiler_type=gcc3
am_cv_CXX_dependencies_compiler_type=gcc3
am_cv_ar_interface=ar
am_cv_make_support_nested_variables=yes
am_cv_prog_cc_c_o=yes
am_cv_python_platform=linux2
am_cv_python_pyexecdir='${exec_prefix}/lib/python2.7/site-packages'
am_cv_python_pythondir='${prefix}/lib/python2.7/site-packages'
am_cv_python_version=2.7
ax_cv_c_compiler_vendor=gnu
ax_cv_check_cflags___flto=yes
lt_cv_ar_at_file=@
lt_cv_archive_cmds_need_lc=no
lt_cv_deplibs_check_method=pass_all
lt_cv_file_magic_cmd='$MAGIC_CMD'
lt_cv_file_magic_test_file=
lt_cv_ld_reload_flag=-r
lt_cv_nm_interface='BSD nm'
lt_cv_objdir=.libs
lt_cv_path_LD=/usr/bin/ld
lt_cv_path_LDCXX='/usr/bin/ld -m elf_x86_64'
lt_cv_path_NM='/usr/bin/nm -B'
lt_cv_path_mainfest_tool=no
lt_cv_prog_compiler_c_o=yes
lt_cv_prog_compiler_c_o_CXX=yes
lt_cv_prog_compiler_pic='-fPIC -DPIC'
lt_cv_prog_compiler_pic_CXX='-fPIC -DPIC'
lt_cv_prog_compiler_pic_works=yes
lt_cv_prog_compiler_pic_works_CXX=yes
lt_cv_prog_compiler_rtti_exceptions=no
lt_cv_prog_compiler_static_works=yes
lt_cv_prog_compiler_static_works_CXX=yes
lt_cv_prog_gnu_ld=yes
lt_cv_prog_gnu_ldcxx=yes
lt_cv_sharedlib_from_linklib_cmd='printf %s\n'
lt_cv_shlibpath_overrides_runpath=no
lt_cv_sys_global_symbol_pipe='sed -n -e '\''s/^.*[	 ]\([ABCDGIRSTW][ABCDGIRSTW]*\)[	 ][	 ]*\([_A-Za-z][_A-Za-z0-9]*\)$/\1 \2 \2/p'\'' | sed '\''/ __gnu_lto/d'\'''
lt_cv_sys_global_symbol_to_c_name_address='sed -n -e '\''s/^: \(.*\) .*$/  {"\1", (void *) 0},/p'\'' -e '\''s/^[ABCDGIRSTW][ABCDGIRSTW]* .* \(.*\)$/  {"\1", (void *) \&\1},/p'\'''
lt_cv_sys_global_symbol_to_c_name_address_lib_prefix='sed -n -e '\''s/^: \(.*\) .*$/  {"\1", (void *) 0},/p'\'' -e '\''s/^[ABCDGIRSTW][ABCDGIRSTW]* .* \(lib.*\)$/  {"\1", (void *) \&\1},/p'\'' -e '\''s/^[ABCDGIRSTW][ABCDGIRSTW]* .* \(.*\)$/  {"lib\1", (void *) \&\1},/p'\'''
lt_cv_sys_global_symbol_to_cdecl='sed -n -e '\''s/^T .* \(.*\)$/extern int \1();/p'\'' -e '\''s/^[ABCDGIRSTW][ABCDGIRSTW]* .* \(.*\)$/extern char \1;/p'\'''
lt_cv_sys_global_symbol_to_import=
lt_cv_sys_max_cmd_len=1572864
lt_cv_to_host_file_cmd=func_convert_file_noop
lt_cv_to_tool_file_cmd=func_convert_file_noop
lt_cv_truncate_bin='/bin/dd bs=4096 count=1'

## ----------------- ##
## Output variables. ##
## ----------------- ##

ACLOCAL='${SHELL} /home/milad/workspace/mmfold/config/missing aclocal-1.15'
AMDEPBACKSLASH='\'
AMDEP_FALSE='#'
AMDEP_TRUE=''
AMTAR='$${TAR-tar}'
AM_BACKSLASH='\'
AM_CFLAGS=''
AM_CPPFLAGS=''
AM_CXXFLAGS=''
AM_DEFAULT_V='$(AM_DEFAULT_VERBOSITY)'
AM_DEFAULT_VERBOSITY='0'
AM_LDFLAGS=''
AM_V='$(V)'
AR='gcc-ar'
AUTOCONF='${SHELL} /home/milad/workspace/mmfold/config/missing autoconf'
AUTOHEADER='${SHELL} /home/milad/workspace/mmfold/config/missing autoheader'
AUTOMAKE='${SHELL} /home/milad/workspace/mmfold/config/missing automake-1.15'
AWK='gawk'
AX_SWIG_PYTHON_CPPFLAGS='-I/home/milad/anaconda2/include/python2.7'
AX_SWIG_PYTHON_OPT='-python'
CC='gcc'
CCDEPMODE='depmode=gcc3'
CFLAGS='-g -O2 -flto'
CHECK_CFLAGS=''
CHECK_DIR=''
CHECK_LIBS=''
CLUSTER_DIR=''
CPP='gcc -E'
CPPFLAGS=''
CXX='g++'
CXXCPP='g++ -E'
CXXDEPMODE='depmode=gcc3'
CXXFLAGS='-g -O2 -flto'
CYGPATH_W='echo'
DEFS='-DHAVE_CONFIG_H'
DEPDIR='.deps'
DEPRECATION_WARNING=''
DLLTOOL='false'
DOXYGEN_CMD_LATEX='/usr/bin/latex'
DOXYGEN_CMD_MAKEINDEX='/usr/bin/makeindex'
DOXYGEN_CONF='doxygen.conf'
DOXYGEN_DOCDIR='doc'
DOXYGEN_GENERATE_HTML='YES'
DOXYGEN_GENERATE_LATEX='YES'
DOXYGEN_HAVE_DOT='YES'
DOXYGEN_PROJECT_NAME='RNAlib-2.2.4'
DOXYGEN_SRCDIR='.'
DOXYGEN_WITH_PDFLATEX='YES'
DSYMUTIL=''
DUMPBIN=''
ECHO_C=''
ECHO_N='-n'
ECHO_T=''
EGREP='/bin/grep -E'
EXEEXT=''
FGREP='/bin/grep -F'
FLOAT_PF_FLAG=''
GENERIC_HC_DEF=''
GREP='/bin/grep'
INSTALL_DATA='${INSTALL} -m 644'
INSTALL_PROGRAM='${INSTALL}'
INSTALL_SCRIPT='${INSTALL}'
INSTALL_STRIP_PROGRAM='$(install_sh) -c -s'
ISODATE='2016-03-07'
LD='/usr/bin/ld -m elf_x86_64'
LDFLAGS=' -flto'
LIBGOMPFLAG='-lgomp'
LIBOBJS=''
LIBS='-lm '
LIBSVM_DIR='libsvm-3.20'
LIBTOOL='$(SHELL) $(top_builddir)/libtool'
LIBTOOL_DEPS='config/ltmain.sh'
LIPO=''
LN_S='ln -s'
LTLIBOBJS=''
LTO_FLAGS='-flto'
LTO_LDFLAGS='-flto'
LT_SYS_LIBRARY_PATH=''
MAKEINFO='${SHELL} /home/milad/workspace/mmfold/config/missing makeinfo'
MAKE_CLUSTER_FALSE=''
MAKE_CLUSTER_TRUE='#'
MAKE_FORESTER_FALSE='#'
MAKE_FORESTER_TRUE=''
MAKE_KINFOLD_FALSE='#'
MAKE_KINFOLD_TRUE=''
MANIFEST_TOOL=':'
MKDIR_P='/bin/mkdir -p'
NM='gcc-nm'
NMEDIT=''
OBJDUMP='objdump'
OBJEXT='o'
OPENMP_CFLAGS='-fopenmp'
OTOOL64=''
OTOOL=''
OUR_AR='gcc-ar'
OUR_NM='gcc-nm'
OUR_RANLIB='gcc-ranlib'
PACKAGE='ViennaRNA'
PACKAGE_BUGREPORT='rna@tbi.univie.ac.at'
PACKAGE_NAME='ViennaRNA'
PACKAGE_STRING='ViennaRNA 2.2.4'
PACKAGE_TARNAME='ViennaRNA'
PACKAGE_URL='http://www.tbi.univie.ac.at/RNA'
PACKAGE_VERSION='2.2.4'
PATH_SEPARATOR=':'
PERL='/usr/bin/perl'
PERLXS_CFLAGS=' -D_REENTRANT -D_GNU_SOURCE -DDEBIAN -fstack-protector -fno-strict-aliasing -pipe -I/usr/local/include -D_LARGEFILE_SOURCE -D_FILE_OFFSET_BITS=64  -I/usr/lib/perl/5.18/CORE '
PERLXS_LDFLAGS='-Wl,-E  -fstack-protector -L/usr/local/lib  -L/usr/lib/perl/5.18/CORE -lperl -ldl -lm -lpthread -lc -lcrypt'
PERL_ARCH_RELATIVE_INSTALL_DIR='/lib/perl/5.18.2'
PERL_EXT_CPPFLAGS='-D_REENTRANT -D_GNU_SOURCE -DDEBIAN -fstack-protector -fno-strict-aliasing -pipe -I/usr/local/include'
PERL_EXT_DLEXT='.so'
PERL_EXT_INC='/usr/lib/perl/5.18/CORE'
PERL_EXT_LDFLAGS='-shared -L/usr/local/lib -fstack-protector'
PERL_EXT_LIB='/usr/local/lib/perl/5.18.2'
PERL_EXT_PREFIX='/usr'
PERL_EXT_SITEARCH='/usr/local/lib/perl/5.18.2'
PERL_EXT_SITELIB='/usr/local/share/perl/5.18.2'
PERL_EXT_SITEPREFIX='/usr/local'
PERL_EXT_VENDORARCH='/usr/lib/perl5'
PERL_EXT_VENDORLIB='/usr/share/perl5'
PERL_EXT_VENDORPREFIX='/usr'
PERL_INTERFACE='Perl'
PERL_LIB_RELATIVE_INSTALL_DIR='/share/perl/5.18.2'
PKGPYEXECDIR='${pyexecdir}/ViennaRNA'
PKGPYTHONDIR='${pythondir}/ViennaRNA'
PKG_CONFIG='/usr/bin/pkg-config'
PKG_CONFIG_LIBDIR=''
PKG_CONFIG_PATH=''
POW_LIB=''
PYEXECDIR='${exec_prefix}/lib/python2.7/site-packages'
PYTHON='/home/milad/anaconda2/bin/python'
PYTHONDIR='${prefix}/lib/python2.7/site-packages'
PYTHON_CPPFLAGS='-I/home/milad/anaconda2/include/python2.7'
PYTHON_EXEC_PREFIX='${exec_prefix}'
PYTHON_EXTRA_LDFLAGS='-lpthread -ldl  -lutil -lm'
PYTHON_EXTRA_LIBS='-Xlinker -export-dynamic'
PYTHON_INTERFACE='Python'
PYTHON_LIBS='-L/home/milad/anaconda2/lib -lpython2.7'
PYTHON_PLATFORM='linux2'
PYTHON_PREFIX='${prefix}'
PYTHON_SITE_PKG='/home/milad/anaconda2/lib/python2.7/site-packages'
PYTHON_SITE_PKG_EXEC='/home/milad/anaconda2/lib/python2.7/site-packages'
PYTHON_VERSION='2.7'
RANLIB='gcc-ranlib'
REFERENCE_MANUAL_PDF_NAME='RNAlib-2.2.4.pdf'
REFERENCE_MANUAL_TAGFILE='RNAlib-2.2.4.tag'
SED='/bin/sed'
SET_MAKE=''
SHELL='/bin/bash'
STRIP='strip'
SWIG=''
SWIG_LIB=''
USER_AR=''
USER_NM=''
USER_RANLIB=''
VERSION='2.2.4'
WITH_CHECK_FALSE='#'
WITH_CHECK_TRUE=''
WITH_FLOAT_PF=''
WITH_GSL_FALSE=''
WITH_GSL_TRUE='#'
WITH_JSON='WITH_JSON_SUPPORT'
WITH_JSON_FALSE='#'
WITH_JSON_TRUE=''
WITH_LIBSVM_FALSE='#'
WITH_LIBSVM_TRUE=''
WITH_LTO_FALSE='#'
WITH_LTO_TRUE=''
WITH_REFERENCE_MANUAL_BUILD_FALSE='#'
WITH_REFERENCE_MANUAL_BUILD_TRUE=''
WITH_REFERENCE_MANUAL_FALSE='#'
WITH_REFERENCE_MANUAL_HTML_FALSE='#'
WITH_REFERENCE_MANUAL_HTML_TRUE=''
WITH_REFERENCE_MANUAL_PDF_FALSE='#'
WITH_REFERENCE_MANUAL_PDF_TRUE=''
WITH_REFERENCE_MANUAL_TRUE=''
WITH_SVM='USE_SVM'
ac_ct_AR='ar'
ac_ct_CC='gcc'
ac_ct_CXX='g++'
ac_ct_DUMPBIN=''
am__EXEEXT_FALSE=''
am__EXEEXT_TRUE='#'
am__fastdepCC_FALSE='#'
am__fastdepCC_TRUE=''
am__fastdepCXX_FALSE='#'
am__fastdepCXX_TRUE=''
am__include='include'
am__isrc=''
am__leading_dot='.'
am__nodep='_no'
am__quote=''
am__tar='$${TAR-tar} chof - "$$tardir"'
am__untar='$${TAR-tar} xf -'
bindir='${exec_prefix}/bin'
build='x86_64-unknown-linux-gnu'
build_alias=''
build_cpu='x86_64'
build_os='linux-gnu'
build_vendor='unknown'
datadir='${datarootdir}'
datarootdir='${prefix}/share'
docdir='${datarootdir}/doc/${PACKAGE_TARNAME}'
dot='/usr/bin/dot'
doxygen='/usr/bin/doxygen'
dvidir='${docdir}'
egrep='/bin/egrep'
exec_prefix='${prefix}'
host='x86_64-unknown-linux-gnu'
host_alias=''
host_cpu='x86_64'
host_os='linux-gnu'
host_vendor='unknown'
htmldir='${datarootdir}/doc/${PACKAGE_TARNAME}/html'
includedir='${prefix}/include'
infodir='${datarootdir}/info'
install_sh='${SHELL} /home/milad/workspace/mmfold/config/install-sh'
latex='/usr/bin/latex'
libdir='${exec_prefix}/lib'
libexecdir='${exec_prefix}/libexec'
localedir='${datarootdir}/locale'
localstatedir='${prefix}/var'
makeindex='/usr/bin/makeindex'
mandir='${datarootdir}/man'
mkdir_p='$(MKDIR_P)'
oldincludedir='/usr/include'
pdfdir='${docdir}'
pdflatex='no'
perl='/usr/bin/perl'
pkgpyexecdir='${pyexecdir}/ViennaRNA'
pkgpythondir='${pythondir}/ViennaRNA'
prefix='/home/milad/software/mmfold'
program_transform_name='s,x,x,'
psdir='${docdir}'
pyexecdir='${exec_prefix}/lib/python2.7/site-packages'
pythondir='${prefix}/lib/python2.7/site-packages'
sbindir='${exec_prefix}/sbin'
sharedstatedir='${prefix}/com'
subdirs=' src/Kinfold src/RNAforester'
sysconfdir='${prefix}/etc'
target_alias=''

## ----------- ##
## confdefs.h. ##
## ----------- ##

/* confdefs.h */
#define PACKAGE_NAME "ViennaRNA"
#define PACKAGE_TARNAME "ViennaRNA"
#define PACKAGE_VERSION "2.2.4"
#define PACKAGE_STRING "ViennaRNA 2.2.4"
#define PACKAGE_BUGREPORT "rna@tbi.univie.ac.at"
#define PACKAGE_URL "http://www.tbi.univie.ac.at/RNA"
#define PACKAGE "ViennaRNA"
#define VERSION "2.2.4"
#define UNUSED __attribute__ ((unused))
#define STDC_HEADERS 1
#define HAVE_SYS_TYPES_H 1
#define HAVE_SYS_STAT_H 1
#define HAVE_STDLIB_H 1
#define HAVE_STRING_H 1
#define HAVE_MEMORY_H 1
#define HAVE_STRINGS_H 1
#define HAVE_INTTYPES_H 1
#define HAVE_STDINT_H 1
#define HAVE_UNISTD_H 1
#define HAVE_DLFCN_H 1
#define LT_OBJDIR ".libs/"
#define HAVE_LIBM 1
#define STDC_HEADERS 1
#define HAVE__BOOL 1
#define HAVE_STDBOOL_H 1
#define HAVE_MALLOC_H 1
#define HAVE_FLOAT_H 1
#define HAVE_LIMITS_H 1
#define HAVE_STDLIB_H 1
#define HAVE_STRING_H 1
#define HAVE_STRINGS_H 1
#define HAVE_UNISTD_H 1
#define HAVE_UNISTD_H 1
#define HAVE_MATH_H 1
#define HAVE_STDLIB_H 1
#define HAVE_MALLOC 1
#define HAVE_STDLIB_H 1
#define HAVE_REALLOC 1
#define HAVE_FLOOR 1
#define HAVE_STRDUP 1
#define HAVE_STRSTR 1
#define HAVE_STRCHR 1
#define HAVE_STRRCHR 1
#define HAVE_STRSTR 1
#define HAVE_STRTOL 1
#define HAVE_STRTOUL 1
#define HAVE_POW 1
#define HAVE_RINT 1
#define HAVE_SQRT 1
#define HAVE_ERAND48 1
#define HAVE_MEMSET 1
#define HAVE_MEMMOVE 1
#define HAVE_ERAND48 1
#define USE_SVM 1
#define WITH_JSON_SUPPORT 1
#define WITH_BOUSTROPHEDON 1
#define WITH_PERL_INTERFACE 1
#define HAVE_PYTHON "2.7"
#define WITH_PYTHON_INTERFACE 1

configure: exit 0
