This file contains any messages produced by compilers while
running configure, to aid debugging if configure makes a mistake.

It was created by kinfold configure 1.3, which was
generated by GNU Autoconf 2.69.  Invocation command line was

  $ ./configure --disable-option-checking --prefix=/usr/local CFLAGS=-ggdb3 -O0 -flto CXXFLAGS=-ggdb3 -O0 -flto LDFLAGS=-ggdb3 -flto --without-perl --without-python AR=gcc-ar RANLIB=gcc-ranlib NM=gcc-nm --cache-file=/dev/null --srcdir=.

## --------- ##
## Platform. ##
## --------- ##

hostname = milad-Latitude
uname -m = x86_64
uname -r = 3.13.0-83-generic
uname -s = Linux
uname -v = #127-Ubuntu SMP Fri Mar 11 00:25:37 UTC 2016

/usr/bin/uname -p = unknown
/bin/uname -X     = unknown

/bin/arch              = unknown
/usr/bin/arch -k       = unknown
/usr/convex/getsysinfo = unknown
/usr/bin/hostinfo      = unknown
/bin/machine           = unknown
/usr/bin/oslevel       = unknown
/bin/universe          = unknown

PATH: /home/milad/anaconda2/bin
PATH: /home/milad/software/bin
PATH: /usr/local/sbin
PATH: /usr/local/bin
PATH: /usr/sbin
PATH: /usr/bin
PATH: /sbin
PATH: /bin
PATH: /usr/games
PATH: /usr/local/games


## ----------- ##
## Core tests. ##
## ----------- ##

configure:2182: checking whether make supports nested variables
configure:2199: result: yes
configure:2255: checking for a BSD-compatible install
configure:2323: result: /usr/bin/install -c
configure:2334: checking whether build environment is sane
configure:2389: result: yes
configure:2427: WARNING: 'missing' script is too old or missing
configure:2540: checking for a thread-safe mkdir -p
configure:2579: result: /bin/mkdir -p
configure:2586: checking for gawk
configure:2602: found /usr/bin/gawk
configure:2613: result: gawk
configure:2624: checking whether make sets $(MAKE)
configure:2646: result: yes
configure:2780: checking if malloc debugging is wanted
configure:2798: result: no
configure:2852: checking for gcc
configure:2868: found /home/milad/anaconda2/bin/gcc
configure:2879: result: gcc
configure:3108: checking for C compiler version
configure:3117: gcc --version >&5
gcc (GCC) 4.8.5
Copyright (C) 2015 Free Software Foundation, Inc.
This is free software; see the source for copying conditions.  There is NO
warranty; not even for MERCHANTABILITY or FITNESS FOR A PARTICULAR PURPOSE.

configure:3128: $? = 0
configure:3117: gcc -v >&5
Reading specs from /home/milad/anaconda2/lib/gcc/x86_64-unknown-linux-gnu/4.8.5/specs
COLLECT_GCC=gcc
COLLECT_LTO_WRAPPER=/home/milad/anaconda2/gcc/libexec/gcc/x86_64-unknown-linux-gnu/4.8.5/lto-wrapper
Target: x86_64-unknown-linux-gnu
Configured with: ./configure --prefix=/home/milad/anaconda2/gcc --with-gxx-include-dir=/home/milad/anaconda2/gcc/include/c++ --bindir=/home/milad/anaconda2/bin --datarootdir=/home/milad/anaconda2/share --libdir=/home/milad/anaconda2/lib --with-gmp=/home/milad/anaconda2 --with-mpfr=/home/milad/anaconda2 --with-mpc=/home/milad/anaconda2 --with-isl=/home/milad/anaconda2 --with-cloog=/home/milad/anaconda2 --enable-checking=release --with-tune=generic --disable-multilib
Thread model: posix
gcc version 4.8.5 (GCC) 
configure:3128: $? = 0
configure:3117: gcc -V >&5
gcc: error: unrecognized command line option '-V'
gcc: fatal error: no input files
compilation terminated.
configure:3128: $? = 1
configure:3117: gcc -qversion >&5
gcc: error: unrecognized command line option '-qversion'
gcc: fatal error: no input files
compilation terminated.
configure:3128: $? = 1
configure:3148: checking whether the C compiler works
configure:3170: gcc -ggdb3 -O0 -flto  -ggdb3 -flto conftest.c  >&5
configure:3174: $? = 0
configure:3222: result: yes
configure:3225: checking for C compiler default output file name
configure:3227: result: a.out
configure:3233: checking for suffix of executables
configure:3240: gcc -o conftest -ggdb3 -O0 -flto  -ggdb3 -flto conftest.c  >&5
configure:3244: $? = 0
configure:3266: result: 
configure:3288: checking whether we are cross compiling
configure:3296: gcc -o conftest -ggdb3 -O0 -flto  -ggdb3 -flto conftest.c  >&5
configure:3300: $? = 0
configure:3307: ./conftest
configure:3311: $? = 0
configure:3326: result: no
configure:3331: checking for suffix of object files
configure:3353: gcc -c -ggdb3 -O0 -flto  conftest.c >&5
configure:3357: $? = 0
configure:3378: result: o
configure:3382: checking whether we are using the GNU C compiler
configure:3401: gcc -c -ggdb3 -O0 -flto  conftest.c >&5
configure:3401: $? = 0
configure:3410: result: yes
configure:3419: checking whether gcc accepts -g
configure:3439: gcc -c -g  conftest.c >&5
configure:3439: $? = 0
configure:3480: result: yes
configure:3497: checking for gcc option to accept ISO C89
configure:3560: gcc  -c -ggdb3 -O0 -flto  conftest.c >&5
configure:3560: $? = 0
configure:3573: result: none needed
configure:3598: checking whether gcc understands -c and -o together
configure:3620: gcc -c conftest.c -o conftest2.o
configure:3623: $? = 0
configure:3620: gcc -c conftest.c -o conftest2.o
configure:3623: $? = 0
configure:3635: result: yes
configure:3663: checking for style of include used by make
configure:3691: result: GNU
configure:3717: checking dependency style of gcc
configure:3828: result: gcc3
configure:3856: checking build system type
configure:3870: result: x86_64-unknown-linux-gnu
configure:3890: checking host system type
configure:3903: result: x86_64-unknown-linux-gnu
configure:3928: checking for strdup
configure:3928: gcc -o conftest -ggdb3 -O0 -flto  -ggdb3 -flto conftest.c  >&5
conftest.c:34:6: warning: conflicting types for built-in function 'strdup' [enabled by default]
 char strdup ();
      ^
configure:3928: $? = 0
configure:3928: result: yes
configure:3928: checking for memset
configure:3928: gcc -o conftest -ggdb3 -O0 -flto  -ggdb3 -flto conftest.c  >&5
conftest.c:35:6: warning: conflicting types for built-in function 'memset' [enabled by default]
 char memset ();
      ^
configure:3928: $? = 0
configure:3928: result: yes
configure:3928: checking for strchr
configure:3928: gcc -o conftest -ggdb3 -O0 -flto  -ggdb3 -flto conftest.c  >&5
conftest.c:36:6: warning: conflicting types for built-in function 'strchr' [enabled by default]
 char strchr ();
      ^
configure:3928: $? = 0
configure:3928: result: yes
configure:3959: checking for gcc option to support OpenMP
configure:3974: gcc -o conftest -ggdb3 -O0 -flto  -ggdb3 -flto conftest.c  >&5
conftest.c:16:2: error: unknown type name 'choke'
  choke me
  ^
In file included from conftest.c:18:0:
/home/milad/anaconda2/lib/gcc/x86_64-unknown-linux-gnu/4.8.5/include/omp.h:34:1: error: expected '=', ',', ';', 'asm' or '__attribute__' before 'typedef'
 typedef struct
 ^
configure:3974: $? = 1
configure: failed program was:
| /* confdefs.h */
| #define PACKAGE_NAME "kinfold"
| #define PACKAGE_TARNAME "Kinfold"
| #define PACKAGE_VERSION "1.3"
| #define PACKAGE_STRING "kinfold 1.3"
| #define PACKAGE_BUGREPORT "rna@tbi.univie.ac.at"
| #define PACKAGE_URL ""
| #define PACKAGE "Kinfold"
| #define VERSION "1.3"
| #define HAVE_STRDUP 1
| #define HAVE_MEMSET 1
| #define HAVE_STRCHR 1
| /* end confdefs.h.  */
| 
| #ifndef _OPENMP
|  choke me
| #endif
| #include <omp.h>
| int main () { return omp_get_num_threads (); }
| 
configure:3992: gcc -o conftest -ggdb3 -O0 -flto -fopenmp  -ggdb3 -flto conftest.c  >&5
configure:3992: $? = 0
configure:4006: result: -fopenmp
configure:4018: checking for ViennaRNA package
configure:4071: result:  headers in "./../../src" and library... "../../src/ViennaRNA"
configure:4081: checking how to run the C preprocessor
configure:4112: gcc -E  -I./../../src conftest.c
configure:4112: $? = 0
configure:4126: gcc -E  -I./../../src conftest.c
conftest.c:14:28: fatal error: ac_nonexistent.h: No such file or directory
 #include <ac_nonexistent.h>
                            ^
compilation terminated.
configure:4126: $? = 1
configure: failed program was:
| /* confdefs.h */
| #define PACKAGE_NAME "kinfold"
| #define PACKAGE_TARNAME "Kinfold"
| #define PACKAGE_VERSION "1.3"
| #define PACKAGE_STRING "kinfold 1.3"
| #define PACKAGE_BUGREPORT "rna@tbi.univie.ac.at"
| #define PACKAGE_URL ""
| #define PACKAGE "Kinfold"
| #define VERSION "1.3"
| #define HAVE_STRDUP 1
| #define HAVE_MEMSET 1
| #define HAVE_STRCHR 1
| /* end confdefs.h.  */
| #include <ac_nonexistent.h>
configure:4151: result: gcc -E
configure:4171: gcc -E  -I./../../src conftest.c
configure:4171: $? = 0
configure:4185: gcc -E  -I./../../src conftest.c
conftest.c:14:28: fatal error: ac_nonexistent.h: No such file or directory
 #include <ac_nonexistent.h>
                            ^
compilation terminated.
configure:4185: $? = 1
configure: failed program was:
| /* confdefs.h */
| #define PACKAGE_NAME "kinfold"
| #define PACKAGE_TARNAME "Kinfold"
| #define PACKAGE_VERSION "1.3"
| #define PACKAGE_STRING "kinfold 1.3"
| #define PACKAGE_BUGREPORT "rna@tbi.univie.ac.at"
| #define PACKAGE_URL ""
| #define PACKAGE "Kinfold"
| #define VERSION "1.3"
| #define HAVE_STRDUP 1
| #define HAVE_MEMSET 1
| #define HAVE_STRCHR 1
| /* end confdefs.h.  */
| #include <ac_nonexistent.h>
configure:4214: checking for grep that handles long lines and -e
configure:4272: result: /bin/grep
configure:4277: checking for egrep
configure:4339: result: /bin/grep -E
configure:4344: checking for ANSI C header files
configure:4364: gcc -c -ggdb3 -O0 -flto  -I./../../src conftest.c >&5
configure:4364: $? = 0
configure:4437: gcc -o conftest -ggdb3 -O0 -flto  -I./../../src -L../../src/ViennaRNA -ggdb3 -flto conftest.c  >&5
configure:4437: $? = 0
configure:4437: ./conftest
configure:4437: $? = 0
configure:4448: result: yes
configure:4461: checking for sys/types.h
configure:4461: gcc -c -ggdb3 -O0 -flto  -I./../../src conftest.c >&5
configure:4461: $? = 0
configure:4461: result: yes
configure:4461: checking for sys/stat.h
configure:4461: gcc -c -ggdb3 -O0 -flto  -I./../../src conftest.c >&5
configure:4461: $? = 0
configure:4461: result: yes
configure:4461: checking for stdlib.h
configure:4461: gcc -c -ggdb3 -O0 -flto  -I./../../src conftest.c >&5
configure:4461: $? = 0
configure:4461: result: yes
configure:4461: checking for string.h
configure:4461: gcc -c -ggdb3 -O0 -flto  -I./../../src conftest.c >&5
configure:4461: $? = 0
configure:4461: result: yes
configure:4461: checking for memory.h
configure:4461: gcc -c -ggdb3 -O0 -flto  -I./../../src conftest.c >&5
configure:4461: $? = 0
configure:4461: result: yes
configure:4461: checking for strings.h
configure:4461: gcc -c -ggdb3 -O0 -flto  -I./../../src conftest.c >&5
configure:4461: $? = 0
configure:4461: result: yes
configure:4461: checking for inttypes.h
configure:4461: gcc -c -ggdb3 -O0 -flto  -I./../../src conftest.c >&5
configure:4461: $? = 0
configure:4461: result: yes
configure:4461: checking for stdint.h
configure:4461: gcc -c -ggdb3 -O0 -flto  -I./../../src conftest.c >&5
configure:4461: $? = 0
configure:4461: result: yes
configure:4461: checking for unistd.h
configure:4461: gcc -c -ggdb3 -O0 -flto  -I./../../src conftest.c >&5
configure:4461: $? = 0
configure:4461: result: yes
configure:4476: checking for stdlib.h
configure:4476: result: yes
configure:4476: checking for string.h
configure:4476: result: yes
configure:4476: checking for strings.h
configure:4476: result: yes
configure:4476: checking for unistd.h
configure:4476: result: yes
configure:4476: checking fold.h usability
configure:4476: gcc -c -ggdb3 -O0 -flto  -I./../../src conftest.c >&5
conftest.c:61:18: fatal error: fold.h: No such file or directory
 #include <fold.h>
                  ^
compilation terminated.
configure:4476: $? = 1
configure: failed program was:
| /* confdefs.h */
| #define PACKAGE_NAME "kinfold"
| #define PACKAGE_TARNAME "Kinfold"
| #define PACKAGE_VERSION "1.3"
| #define PACKAGE_STRING "kinfold 1.3"
| #define PACKAGE_BUGREPORT "rna@tbi.univie.ac.at"
| #define PACKAGE_URL ""
| #define PACKAGE "Kinfold"
| #define VERSION "1.3"
| #define HAVE_STRDUP 1
| #define HAVE_MEMSET 1
| #define HAVE_STRCHR 1
| #define STDC_HEADERS 1
| #define HAVE_SYS_TYPES_H 1
| #define HAVE_SYS_STAT_H 1
| #define HAVE_STDLIB_H 1
| #define HAVE_STRING_H 1
| #define HAVE_MEMORY_H 1
| #define HAVE_STRINGS_H 1
| #define HAVE_INTTYPES_H 1
| #define HAVE_STDINT_H 1
| #define HAVE_UNISTD_H 1
| #define HAVE_STDLIB_H 1
| #define HAVE_STRING_H 1
| #define HAVE_STRINGS_H 1
| #define HAVE_UNISTD_H 1
| /* end confdefs.h.  */
| #include <stdio.h>
| #ifdef HAVE_SYS_TYPES_H
| # include <sys/types.h>
| #endif
| #ifdef HAVE_SYS_STAT_H
| # include <sys/stat.h>
| #endif
| #ifdef STDC_HEADERS
| # include <stdlib.h>
| # include <stddef.h>
| #else
| # ifdef HAVE_STDLIB_H
| #  include <stdlib.h>
| # endif
| #endif
| #ifdef HAVE_STRING_H
| # if !defined STDC_HEADERS && defined HAVE_MEMORY_H
| #  include <memory.h>
| # endif
| # include <string.h>
| #endif
| #ifdef HAVE_STRINGS_H
| # include <strings.h>
| #endif
| #ifdef HAVE_INTTYPES_H
| # include <inttypes.h>
| #endif
| #ifdef HAVE_STDINT_H
| # include <stdint.h>
| #endif
| #ifdef HAVE_UNISTD_H
| # include <unistd.h>
| #endif
| #include <fold.h>
configure:4476: result: no
configure:4476: checking fold.h presence
configure:4476: gcc -E  -I./../../src conftest.c
conftest.c:28:18: fatal error: fold.h: No such file or directory
 #include <fold.h>
                  ^
compilation terminated.
configure:4476: $? = 1
configure: failed program was:
| /* confdefs.h */
| #define PACKAGE_NAME "kinfold"
| #define PACKAGE_TARNAME "Kinfold"
| #define PACKAGE_VERSION "1.3"
| #define PACKAGE_STRING "kinfold 1.3"
| #define PACKAGE_BUGREPORT "rna@tbi.univie.ac.at"
| #define PACKAGE_URL ""
| #define PACKAGE "Kinfold"
| #define VERSION "1.3"
| #define HAVE_STRDUP 1
| #define HAVE_MEMSET 1
| #define HAVE_STRCHR 1
| #define STDC_HEADERS 1
| #define HAVE_SYS_TYPES_H 1
| #define HAVE_SYS_STAT_H 1
| #define HAVE_STDLIB_H 1
| #define HAVE_STRING_H 1
| #define HAVE_MEMORY_H 1
| #define HAVE_STRINGS_H 1
| #define HAVE_INTTYPES_H 1
| #define HAVE_STDINT_H 1
| #define HAVE_UNISTD_H 1
| #define HAVE_STDLIB_H 1
| #define HAVE_STRING_H 1
| #define HAVE_STRINGS_H 1
| #define HAVE_UNISTD_H 1
| /* end confdefs.h.  */
| #include <fold.h>
configure:4476: result: no
configure:4476: checking for fold.h
configure:4476: result: no
configure:4487: checking for exp in -lm
configure:4512: gcc -o conftest -ggdb3 -O0 -flto  -I./../../src -L../../src/ViennaRNA -ggdb3 -flto conftest.c -lm   >&5
conftest.c:35:6: warning: conflicting types for built-in function 'exp' [enabled by default]
 char exp ();
      ^
configure:4512: $? = 0
configure:4521: result: yes
configure:4534: checking for stdlib.h
configure:4534: result: yes
configure:4544: checking for GNU libc compatible malloc
configure:4568: gcc -o conftest -ggdb3 -O0 -flto  -I./../../src -L../../src/ViennaRNA -ggdb3 -flto conftest.c -lm  >&5
configure:4568: $? = 0
configure:4568: ./conftest
configure:4568: $? = 0
configure:4578: result: yes
configure:4601: checking for stdlib.h
configure:4601: result: yes
configure:4611: checking for GNU libc compatible realloc
configure:4635: gcc -o conftest -ggdb3 -O0 -flto  -I./../../src -L../../src/ViennaRNA -ggdb3 -flto conftest.c -lm  >&5
configure:4635: $? = 0
configure:4635: ./conftest
configure:4635: $? = 0
configure:4645: result: yes
configure:4669: checking for an ANSI C-conforming const
configure:4735: gcc -c -ggdb3 -O0 -flto  -I./../../src conftest.c >&5
configure:4735: $? = 0
configure:4742: result: yes
configure:4863: checking that generated files are newer than configure
configure:4869: result: done
configure:4892: creating ./config.status

## ---------------------- ##
## Running config.status. ##
## ---------------------- ##

This file was extended by kinfold config.status 1.3, which was
generated by GNU Autoconf 2.69.  Invocation command line was

  CONFIG_FILES    = 
  CONFIG_HEADERS  = 
  CONFIG_LINKS    = 
  CONFIG_COMMANDS = 
  $ ./config.status 

on milad-Latitude

config.status:875: creating Example/Makefile
config.status:875: creating Makefile
config.status:875: creating config.h
config.status:1056: config.h is unchanged
config.status:1104: executing depfiles commands

## ---------------- ##
## Cache variables. ##
## ---------------- ##

ac_cv_build=x86_64-unknown-linux-gnu
ac_cv_c_compiler_gnu=yes
ac_cv_c_const=yes
ac_cv_env_CC_set=
ac_cv_env_CC_value=
ac_cv_env_CFLAGS_set=set
ac_cv_env_CFLAGS_value='-ggdb3 -O0 -flto'
ac_cv_env_CPPFLAGS_set=
ac_cv_env_CPPFLAGS_value=
ac_cv_env_CPP_set=
ac_cv_env_CPP_value=
ac_cv_env_LDFLAGS_set=set
ac_cv_env_LDFLAGS_value='-ggdb3 -flto'
ac_cv_env_LIBS_set=
ac_cv_env_LIBS_value=
ac_cv_env_build_alias_set=
ac_cv_env_build_alias_value=
ac_cv_env_host_alias_set=
ac_cv_env_host_alias_value=
ac_cv_env_target_alias_set=
ac_cv_env_target_alias_value=
ac_cv_func_malloc_0_nonnull=yes
ac_cv_func_memset=yes
ac_cv_func_realloc_0_nonnull=yes
ac_cv_func_strchr=yes
ac_cv_func_strdup=yes
ac_cv_header_fold_h=no
ac_cv_header_inttypes_h=yes
ac_cv_header_memory_h=yes
ac_cv_header_stdc=yes
ac_cv_header_stdint_h=yes
ac_cv_header_stdlib_h=yes
ac_cv_header_string_h=yes
ac_cv_header_strings_h=yes
ac_cv_header_sys_stat_h=yes
ac_cv_header_sys_types_h=yes
ac_cv_header_unistd_h=yes
ac_cv_host=x86_64-unknown-linux-gnu
ac_cv_lib_m_exp=yes
ac_cv_objext=o
ac_cv_path_EGREP='/bin/grep -E'
ac_cv_path_GREP=/bin/grep
ac_cv_path_install='/usr/bin/install -c'
ac_cv_path_mkdir=/bin/mkdir
ac_cv_prog_AWK=gawk
ac_cv_prog_CPP='gcc -E'
ac_cv_prog_ac_ct_CC=gcc
ac_cv_prog_c_openmp=-fopenmp
ac_cv_prog_cc_c89=
ac_cv_prog_cc_g=yes
ac_cv_prog_make_make_set=yes
am_cv_CC_dependencies_compiler_type=gcc3
am_cv_make_support_nested_variables=yes
am_cv_prog_cc_c_o=yes

## ----------------- ##
## Output variables. ##
## ----------------- ##

ACLOCAL='aclocal-1.15'
AMDEPBACKSLASH='\'
AMDEP_FALSE='#'
AMDEP_TRUE=''
AMTAR='$${TAR-tar}'
AM_BACKSLASH='\'
AM_DEFAULT_V='$(AM_DEFAULT_VERBOSITY)'
AM_DEFAULT_VERBOSITY='0'
AM_V='$(V)'
AUTOCONF='autoconf'
AUTOHEADER='autoheader'
AUTOMAKE='automake-1.15'
AWK='gawk'
CC='gcc'
CCDEPMODE='depmode=gcc3'
CFLAGS='-ggdb3 -O0 -flto'
CPP='gcc -E'
CPPFLAGS=' -I./../../src'
CYGPATH_W='echo'
DEFS='-DHAVE_CONFIG_H'
DEPDIR='.deps'
ECHO_C=''
ECHO_N='-n'
ECHO_T=''
EGREP='/bin/grep -E'
EXEEXT=''
GREP='/bin/grep'
INSTALL_DATA='${INSTALL} -m 644'
INSTALL_PROGRAM='${INSTALL}'
INSTALL_SCRIPT='${INSTALL}'
INSTALL_STRIP_PROGRAM='$(install_sh) -c -s'
ISODATE='2016-03-18'
LDFLAGS='-L../../src/ViennaRNA -ggdb3 -flto'
LIBOBJS=''
LIBS='-lRNA -lm '
LTLIBOBJS=''
MAKEINFO='makeinfo'
MKDIR_P='/bin/mkdir -p'
OBJEXT='o'
OPENMP_CFLAGS='-fopenmp'
PACKAGE='Kinfold'
PACKAGE_BUGREPORT='rna@tbi.univie.ac.at'
PACKAGE_NAME='kinfold'
PACKAGE_STRING='kinfold 1.3'
PACKAGE_TARNAME='Kinfold'
PACKAGE_URL=''
PACKAGE_VERSION='1.3'
PATH_SEPARATOR=':'
SET_MAKE=''
SHELL='/bin/bash'
STRIP=''
VERSION='1.3'
ac_ct_CC='gcc'
am__EXEEXT_FALSE=''
am__EXEEXT_TRUE='#'
am__fastdepCC_FALSE='#'
am__fastdepCC_TRUE=''
am__include='include'
am__isrc=''
am__leading_dot='.'
am__nodep='_no'
am__quote=''
am__tar='$${TAR-tar} chof - "$$tardir"'
am__untar='$${TAR-tar} xf -'
bindir='${exec_prefix}/bin'
build='x86_64-unknown-linux-gnu'
build_alias=''
build_cpu='x86_64'
build_os='linux-gnu'
build_vendor='unknown'
datadir='${datarootdir}'
datarootdir='${prefix}/share'
docdir='${datarootdir}/doc/${PACKAGE_TARNAME}'
dvidir='${docdir}'
exec_prefix='${prefix}'
host='x86_64-unknown-linux-gnu'
host_alias=''
host_cpu='x86_64'
host_os='linux-gnu'
host_vendor='unknown'
htmldir='${docdir}'
includedir='${prefix}/include'
infodir='${datarootdir}/info'
install_sh='${SHELL} /home/milad/workspace/mmfold/src/install-sh'
libdir='${exec_prefix}/lib'
libexecdir='${exec_prefix}/libexec'
localedir='${datarootdir}/locale'
localstatedir='${prefix}/var'
mandir='${datarootdir}/man'
mkdir_p='$(MKDIR_P)'
oldincludedir='/usr/include'
pdfdir='${docdir}'
prefix='/usr/local'
program_transform_name='s,x,x,'
psdir='${docdir}'
sbindir='${exec_prefix}/sbin'
sharedstatedir='${prefix}/com'
sysconfdir='${prefix}/etc'
target_alias=''

## ----------- ##
## confdefs.h. ##
## ----------- ##

/* confdefs.h */
#define PACKAGE_NAME "kinfold"
#define PACKAGE_TARNAME "Kinfold"
#define PACKAGE_VERSION "1.3"
#define PACKAGE_STRING "kinfold 1.3"
#define PACKAGE_BUGREPORT "rna@tbi.univie.ac.at"
#define PACKAGE_URL ""
#define PACKAGE "Kinfold"
#define VERSION "1.3"
#define HAVE_STRDUP 1
#define HAVE_MEMSET 1
#define HAVE_STRCHR 1
#define STDC_HEADERS 1
#define HAVE_SYS_TYPES_H 1
#define HAVE_SYS_STAT_H 1
#define HAVE_STDLIB_H 1
#define HAVE_STRING_H 1
#define HAVE_MEMORY_H 1
#define HAVE_STRINGS_H 1
#define HAVE_INTTYPES_H 1
#define HAVE_STDINT_H 1
#define HAVE_UNISTD_H 1
#define HAVE_STDLIB_H 1
#define HAVE_STRING_H 1
#define HAVE_STRINGS_H 1
#define HAVE_UNISTD_H 1
#define HAVE_LIBM 1
#define HAVE_STDLIB_H 1
#define HAVE_MALLOC 1
#define HAVE_STDLIB_H 1
#define HAVE_REALLOC 1

configure: exit 0
